#
# A fatal error has been detected by the Java Runtime Environment:
#
#  EXCEPTION_ACCESS_VIOLATION (0xc0000005) at pc=0x00007ff957ffd266, pid=14704, tid=9028
#
# JRE version: OpenJDK Runtime Environment (11.0.11+9) (build 11.0.11+9-b60-7590822)
# Java VM: OpenJDK 64-Bit Server VM (11.0.11+9-b60-7590822, mixed mode, tiered, compressed oops, g1 gc, windows-amd64)
# Problematic frame:
# V  [jvm.dll+0x18d266]
#
# No core dump will be written. Minidumps are not enabled by default on client versions of Windows
#
# If you would like to submit a bug report, please visit:
#   https://bugreport.java.com/bugreport/crash.jsp
#

---------------  S U M M A R Y ------------

Command Line: --add-opens=java.base/java.util=ALL-UNNAMED --add-opens=java.base/java.lang=ALL-UNNAMED --add-opens=java.base/java.lang.invoke=ALL-UNNAMED --add-opens=java.base/java.util=ALL-UNNAMED --add-opens=java.prefs/java.util.prefs=ALL-UNNAMED --add-opens=java.prefs/java.util.prefs=ALL-UNNAMED --add-opens=java.base/java.nio.charset=ALL-UNNAMED --add-opens=java.base/java.net=ALL-UNNAMED --add-opens=java.base/java.util.concurrent.atomic=ALL-UNNAMED -Xmx2048m -Dfile.encoding=windows-1252 -Duser.country=IN -Duser.language=en -Duser.variant org.gradle.launcher.daemon.bootstrap.GradleDaemon 7.2

Host: Intel(R) Core(TM) i5-4440 CPU @ 3.10GHz, 4 cores, 7G,  Windows 10 , 64 bit Build 19041 (10.0.19041.1466)
Time: Fri Jan 28 14:25:59 2022 India Standard Time elapsed time: 5392.491055 seconds (0d 1h 29m 52s)

---------------  T H R E A D  ---------------

Current thread (0x00000210c5296000):  ConcurrentGCThread "G1 Conc#0" [stack: 0x000000e8d5d00000,0x000000e8d5e00000] [id=9028]

Stack: [0x000000e8d5d00000,0x000000e8d5e00000],  sp=0x000000e8d5dff668,  free space=1021k
Native frames: (J=compiled Java code, j=interpreted, Vv=VM code, C=native code)
V  [jvm.dll+0x18d266]


siginfo: EXCEPTION_ACCESS_VIOLATION (0xc0000005), reading address 0x0000000000000008


Register to memory mapping:

RIP=0x00007ff957ffd266 jvm.dll
RAX=0x0000000000000001 is an unknown value
RBX=0x0000000086d9cf38 is pointing into object: com.google.common.collect.SingletonImmutableBiMap 
{0x0000000086d9cf28} - klass: 'com/google/common/collect/SingletonImmutableBiMap'
RCX=0x0000000086d9cf38 is pointing into object: com.google.common.collect.SingletonImmutableBiMap 
{0x0000000086d9cf28} - klass: 'com/google/common/collect/SingletonImmutableBiMap'
RDX=0x0000000086d9cf38 is pointing into object: com.google.common.collect.SingletonImmutableBiMap 
{0x0000000086d9cf28} - klass: 'com/google/common/collect/SingletonImmutableBiMap'
RSP=0x000000e8d5dff668 points into unknown readable memory: 0x00007ff95814b2fa | fa b2 14 58 f9 7f 00 00
RBP=0x00000210c528c1a0 points into unknown readable memory: 0x00000210c5295000 | 00 50 29 c5 10 02 00 00
RSI=0x0000000000000001 is an unknown value
RDI=0x0 is NULL
R8 =0x0 is NULL
R9 =0x0 is NULL
R10=0x00000210c528c1a0 points into unknown readable memory: 0x00000210c5295000 | 00 50 29 c5 10 02 00 00
R11=0x346dc5d63886594b is an unknown value
R12=0x0000000000000001 is an unknown value
R13=0x0 is NULL
R14=0x0 is NULL
R15=0x000000008315e068 is an oop: java.util.concurrent.ConcurrentHashMap$Node 
{0x000000008315e068} - klass: 'java/util/concurrent/ConcurrentHashMap$Node'


Registers:
RAX=0x0000000000000001, RBX=0x0000000086d9cf38, RCX=0x0000000086d9cf38, RDX=0x0000000086d9cf38
RSP=0x000000e8d5dff668, RBP=0x00000210c528c1a0, RSI=0x0000000000000001, RDI=0x0000000000000000
R8 =0x0000000000000000, R9 =0x0000000000000000, R10=0x00000210c528c1a0, R11=0x346dc5d63886594b
R12=0x0000000000000001, R13=0x0000000000000000, R14=0x0000000000000000, R15=0x000000008315e068
RIP=0x00007ff957ffd266, EFLAGS=0x0000000000010246

Top of Stack: (sp=0x000000e8d5dff668)
0x000000e8d5dff668:   00007ff95814b2fa 0000000086d9cf38
0x000000e8d5dff678:   000000010001b850 00000210c5298c00
0x000000e8d5dff688:   00007ff95845c0cc 000000010001b858
0x000000e8d5dff698:   00007ff95814b1a6 000000010001b850
0x000000e8d5dff6a8:   0000000086d9cf38 00000210c5298ca0
0x000000e8d5dff6b8:   000000e8d5dff838 0000000000000000
0x000000e8d5dff6c8:   00007ff9584342b5 000000008315e084
0x000000e8d5dff6d8:   00007ff95814303d 0000000000000004
0x000000e8d5dff6e8:   000000008315e078 00000210c5298ca0
0x000000e8d5dff6f8:   00007ff95845c0cc 0000000000000000
0x000000e8d5dff708:   00000210c5296601 000000010001b608
0x000000e8d5dff718:   00007ff9581428f1 0000000000000004
0x000000e8d5dff728:   000000e8d5dff838 000000008315e068
0x000000e8d5dff738:   00000210c5296690 000000008315e068
0x000000e8d5dff748:   00007ff958150cdf 00000210c5298ca0
0x000000e8d5dff758:   000000e8d5dff889 0000000000000000 

Instructions: (pc=0x00007ff957ffd266)
0x00007ff957ffd166:   82 00 48 d3 e0 48 03 05 1e 6b 82 00 eb 04 48 8b
0x00007ff957ffd176:   43 08 81 78 08 00 00 00 c0 73 7d 48 8b 4f 38 48
0x00007ff957ffd186:   8b d3 48 8b 01 ff 50 20 84 c0 75 6c 38 05 e0 f6
0x00007ff957ffd196:   86 00 74 15 8b 53 08 8b 0d f5 6a 82 00 48 d3 e2
0x00007ff957ffd1a6:   48 03 15 e3 6a 82 00 eb 04 48 8b 53 08 48 8b cb
0x00007ff957ffd1b6:   48 89 5c 24 20 e8 a0 00 00 00 80 7f 30 00 48 63
0x00007ff957ffd1c6:   c8 48 89 4c 24 28 0f 28 44 24 20 74 17 0f 11 86
0x00007ff957ffd1d6:   98 03 00 00 48 8b 5c 24 40 48 8b 74 24 48 48 83
0x00007ff957ffd1e6:   c4 30 5f c3 48 8b 07 48 8d 54 24 20 48 8b cf 66
0x00007ff957ffd1f6:   0f 7f 44 24 20 ff 50 38 48 8b 5c 24 40 48 8b 74
0x00007ff957ffd206:   24 48 48 83 c4 30 5f c3 cc cc 48 8b 49 38 48 8b
0x00007ff957ffd216:   01 48 ff 60 28 cc cc cc cc cc 80 3d 51 f6 86 00
0x00007ff957ffd226:   00 48 8b c1 74 1b 8b 51 08 8b 0d 63 6a 82 00 48
0x00007ff957ffd236:   d3 e2 48 8b c8 48 03 15 4e 6a 82 00 e9 19 00 00
0x00007ff957ffd246:   00 48 8b 51 08 48 8b c8 e9 0d 00 00 00 cc cc cc
0x00007ff957ffd256:   cc cc cc cc cc cc cc cc cc cc 4c 8b ca 48 8b d1
0x00007ff957ffd266:   45 8b 41 08 45 85 c0 7e 0e 41 f6 c0 01 75 59 41
0x00007ff957ffd276:   c1 f8 03 41 8b c0 c3 79 4f 80 3d f2 f5 86 00 00
0x00007ff957ffd286:   b8 0c 00 00 00 b9 10 00 00 00 0f 45 c8 8b 05 2b
0x00007ff957ffd296:   b4 80 00 ff c8 4c 63 c8 48 63 c1 41 8b c8 83 e1
0x00007ff957ffd2a6:   3f 48 63 14 10 41 8b c0 48 c1 f8 10 0f b6 c0 48
0x00007ff957ffd2b6:   d3 e2 49 8d 0c 11 49 f7 d1 48 03 c1 49 c1 e9 03
0x00007ff957ffd2c6:   48 c1 e8 03 41 23 c1 c3 49 8b 01 49 8b c9 48 ff
0x00007ff957ffd2d6:   a0 10 01 00 00 cc cc cc cc cc 48 83 ec 38 0f 10
0x00007ff957ffd2e6:   02 48 8b 49 38 48 8d 54 24 20 0f 29 44 24 20 e8
0x00007ff957ffd2f6:   66 f0 ff ff 48 83 c4 38 c3 cc 48 89 5c 24 08 55
0x00007ff957ffd306:   56 57 41 54 41 55 41 56 41 57 48 8d 6c 24 e0 48
0x00007ff957ffd316:   81 ec 20 01 00 00 48 8b 05 1d ef 83 00 48 33 c4
0x00007ff957ffd326:   48 89 45 10 48 8b 05 5f 60 86 00 45 33 ed 4c 8b
0x00007ff957ffd336:   b5 80 00 00 00 4c 8b fa 48 8b bd 88 00 00 00 4d
0x00007ff957ffd346:   8b c6 49 8b d6 49 8b f1 48 8b 48 38 48 8b 59 48
0x00007ff957ffd356:   49 8b cf c7 45 c0 ff ff ff ff 44 89 6d d4 4c 89 


Stack slot to memory mapping:
stack at sp + 0 slots: 0x00007ff95814b2fa jvm.dll
stack at sp + 1 slots: 0x0000000086d9cf38 is pointing into object: com.google.common.collect.SingletonImmutableBiMap 
{0x0000000086d9cf28} - klass: 'com/google/common/collect/SingletonImmutableBiMap'
stack at sp + 2 slots: 0x000000010001b850 is pointing into metadata
stack at sp + 3 slots: 0x00000210c5298c00 points into unknown readable memory: 0x000002100000033a | 3a 03 00 00 10 02 00 00
stack at sp + 4 slots: 0x00007ff95845c0cc jvm.dll
stack at sp + 5 slots: 0x000000010001b858 is a pointer to class: 
stack at sp + 6 slots: 0x00007ff95814b1a6 jvm.dll
stack at sp + 7 slots: 0x000000010001b850 is pointing into metadata


---------------  P R O C E S S  ---------------

Threads class SMR info:
_java_thread_list=0x00000210e8f588f0, length=81, elements={
0x00000210c524b800, 0x00000210df5db800, 0x00000210df5df000, 0x00000210df5f9800,
0x00000210df5fb800, 0x00000210df5fd000, 0x00000210df602000, 0x00000210df603800,
0x00000210df611800, 0x00000210e00c3800, 0x00000210e1aeb800, 0x00000210e1948000,
0x00000210e26c2000, 0x00000210e18d1000, 0x00000210e18d5000, 0x00000210e2df5800,
0x00000210e2df5000, 0x00000210e2df6800, 0x00000210e2df7000, 0x00000210e2dfb800,
0x00000210e2df8000, 0x00000210e2dfa800, 0x00000210e2dfd000, 0x00000210e64dd800,
0x00000210e37a4800, 0x00000210e37a6800, 0x00000210e37aa000, 0x00000210e6657800,
0x00000210e665c800, 0x00000210e6656800, 0x00000210e665d000, 0x00000210e665a800,
0x00000210e665e000, 0x00000210e665b800, 0x00000210e6658800, 0x00000210e6659000,
0x00000210e665f000, 0x00000210e665f800, 0x00000210e665a000, 0x00000210e6661800,
0x00000210ede13800, 0x00000210e6665800, 0x00000210e6660800, 0x00000210e6663800,
0x00000210e6662000, 0x00000210e6664800, 0x00000210e64d1000, 0x00000210e64cf800,
0x00000210e64d0800, 0x00000210e64d2000, 0x00000210e64d3000, 0x00000210e64d3800,
0x00000210e64cf000, 0x00000210e64d8000, 0x00000210e64d8800, 0x00000210e64d6000,
0x00000210e64d9800, 0x00000210e64d7000, 0x00000210e64da000, 0x00000210e64d4800,
0x00000210e64db000, 0x00000210e64d5800, 0x00000210e64dc000, 0x00000210e64dc800,
0x00000210e37a5000, 0x00000210e37a2000, 0x00000210e37a3800, 0x00000210e37a6000,
0x00000210e37a0000, 0x00000210e37a7800, 0x00000210e37a2800, 0x00000210e37ab800,
0x00000210e37a9000, 0x00000210e37ac800, 0x00000210e37ad800, 0x00000210e37ae000,
0x00000210e37a8800, 0x00000210e37af000, 0x00000210e2df0800, 0x00000210e2df2800,
0x00000210e2df9000
}

Java Threads: ( => current thread )
  0x00000210c524b800 JavaThread "main" [_thread_blocked, id=13900, stack(0x000000e8d5a00000,0x000000e8d5b00000)]
  0x00000210df5db800 JavaThread "Reference Handler" daemon [_thread_blocked, id=11416, stack(0x000000e8d6100000,0x000000e8d6200000)]
  0x00000210df5df000 JavaThread "Finalizer" daemon [_thread_blocked, id=5408, stack(0x000000e8d6200000,0x000000e8d6300000)]
  0x00000210df5f9800 JavaThread "Signal Dispatcher" daemon [_thread_blocked, id=13020, stack(0x000000e8d6300000,0x000000e8d6400000)]
  0x00000210df5fb800 JavaThread "Attach Listener" daemon [_thread_blocked, id=12480, stack(0x000000e8d6400000,0x000000e8d6500000)]
  0x00000210df5fd000 JavaThread "Service Thread" daemon [_thread_blocked, id=13840, stack(0x000000e8d6500000,0x000000e8d6600000)]
  0x00000210df602000 JavaThread "C2 CompilerThread0" daemon [_thread_in_native, id=11076, stack(0x000000e8d6600000,0x000000e8d6700000)]
  0x00000210df603800 JavaThread "C1 CompilerThread0" daemon [_thread_blocked, id=2936, stack(0x000000e8d6700000,0x000000e8d6800000)]
  0x00000210df611800 JavaThread "Sweeper thread" daemon [_thread_blocked, id=13792, stack(0x000000e8d6800000,0x000000e8d6900000)]
  0x00000210e00c3800 JavaThread "Common-Cleaner" daemon [_thread_blocked, id=14644, stack(0x000000e8d6900000,0x000000e8d6a00000)]
  0x00000210e1aeb800 JavaThread "Daemon health stats" [_thread_blocked, id=10172, stack(0x000000e8d6e00000,0x000000e8d6f00000)]
  0x00000210e1948000 JavaThread "Incoming local TCP Connector on port 57035" [_thread_in_native, id=9528, stack(0x000000e8d6b00000,0x000000e8d6c00000)]
  0x00000210e26c2000 JavaThread "Daemon periodic checks" [_thread_blocked, id=7412, stack(0x000000e8d6f00000,0x000000e8d7000000)]
  0x00000210e18d1000 JavaThread "Cache worker for journal cache (C:\Users\RavliDroid\.gradle\caches\journal-1)" [_thread_in_vm, id=4460, stack(0x000000e8d7900000,0x000000e8d7a00000)]
  0x00000210e18d5000 JavaThread "File lock request listener" [_thread_in_native, id=10116, stack(0x000000e8d7a00000,0x000000e8d7b00000)]
  0x00000210e2df5800 JavaThread "Cache worker for file hash cache (C:\Users\RavliDroid\.gradle\caches\7.2\fileHashes)" [_thread_blocked, id=13804, stack(0x000000e8d7b00000,0x000000e8d7c00000)]
  0x00000210e2df5000 JavaThread "File watcher server" daemon [_thread_in_native, id=10264, stack(0x000000e8d7d00000,0x000000e8d7e00000)]
  0x00000210e2df6800 JavaThread "File watcher consumer" daemon [_thread_blocked, id=13724, stack(0x000000e8d7e00000,0x000000e8d7f00000)]
  0x00000210e2df7000 JavaThread "Cache worker for execution history cache (C:\Users\RavliDroid\.gradle\caches\7.2\executionHistory)" [_thread_blocked, id=13056, stack(0x000000e8d8200000,0x000000e8d8300000)]
  0x00000210e2dfb800 JavaThread "jar transforms" [_thread_blocked, id=11572, stack(0x000000e8d8300000,0x000000e8d8400000)]
  0x00000210e2df8000 JavaThread "jar transforms Thread 2" [_thread_blocked, id=13004, stack(0x000000e8d8400000,0x000000e8d8500000)]
  0x00000210e2dfa800 JavaThread "Cache worker for file content cache (C:\Users\RavliDroid\.gradle\caches\7.2\fileContent)" [_thread_blocked, id=2356, stack(0x000000e8d8500000,0x000000e8d8600000)]
  0x00000210e2dfd000 JavaThread "jar transforms Thread 3" [_thread_blocked, id=3364, stack(0x000000e8d8700000,0x000000e8d8800000)]
  0x00000210e64dd800 JavaThread "jar transforms Thread 4" [_thread_blocked, id=13220, stack(0x000000e8db100000,0x000000e8db200000)]
  0x00000210e37a4800 JavaThread "Memory manager" [_thread_blocked, id=6944, stack(0x000000e8db200000,0x000000e8db300000)]
  0x00000210e37a6800 JavaThread "Cache worker for Java compile cache (C:\Users\RavliDroid\.gradle\caches\7.2\javaCompile)" [_thread_blocked, id=10792, stack(0x000000e8db800000,0x000000e8db900000)]
  0x00000210e37aa000 JavaThread "ForkJoinPool.commonPool-worker-3" daemon [_thread_blocked, id=5220, stack(0x000000e8dc400000,0x000000e8dc500000)]
  0x00000210e6657800 JavaThread "Daemon Thread 2" [_thread_blocked, id=1880, stack(0x000000e8d5700000,0x000000e8d5800000)]
  0x00000210e665c800 JavaThread "Handler for socket connection from /127.0.0.1:57035 to /127.0.0.1:57512" [_thread_in_native, id=10012, stack(0x000000e8d5800000,0x000000e8d5900000)]
  0x00000210e6656800 JavaThread "Cancel handler" [_thread_blocked, id=1544, stack(0x000000e8d5900000,0x000000e8d5a00000)]
  0x00000210e665d000 JavaThread "Daemon worker Thread 2" [_thread_in_vm, id=8812, stack(0x000000e8d7000000,0x000000e8d7100000)]
  0x00000210e665a800 JavaThread "Asynchronous log dispatcher for DefaultDaemonConnection: socket connection from /127.0.0.1:57035 to /127.0.0.1:57512" [_thread_blocked, id=13432, stack(0x000000e8d7100000,0x000000e8d7200000)]
  0x00000210e665e000 JavaThread "Stdin handler" [_thread_blocked, id=3028, stack(0x000000e8d7200000,0x000000e8d7300000)]
  0x00000210e665b800 JavaThread "Daemon client event forwarder" [_thread_blocked, id=7724, stack(0x000000e8d7300000,0x000000e8d7400000)]
  0x00000210e6658800 JavaThread "Cache worker for file hash cache (F:\admodule\MyDemoApp_edited\.gradle\7.2\fileHashes)" [_thread_blocked, id=12364, stack(0x000000e8d7400000,0x000000e8d7500000)]
  0x00000210e6659000 JavaThread "Cache worker for checksums cache (F:\admodule\MyDemoApp_edited\.gradle\checksums)" [_thread_blocked, id=812, stack(0x000000e8d7500000,0x000000e8d7600000)]
  0x00000210e665f000 JavaThread "Cache worker for cache directory md-supplier (C:\Users\RavliDroid\.gradle\caches\7.2\md-supplier)" [_thread_blocked, id=2372, stack(0x000000e8d7600000,0x000000e8d7700000)]
  0x00000210e665f800 JavaThread "Cache worker for cache directory md-rule (C:\Users\RavliDroid\.gradle\caches\7.2\md-rule)" [_thread_blocked, id=6344, stack(0x000000e8d7700000,0x000000e8d7800000)]
  0x00000210e665a000 JavaThread "Cache worker for dependencies-accessors (F:\admodule\MyDemoApp_edited\.gradle\7.2\dependencies-accessors)" [_thread_blocked, id=10848, stack(0x000000e8d7c00000,0x000000e8d7d00000)]
  0x00000210e6661800 JavaThread "Cache worker for Build Output Cleanup Cache (F:\admodule\MyDemoApp_edited\.gradle\buildOutputCleanup)" [_thread_blocked, id=14396, stack(0x000000e8d7f00000,0x000000e8d8000000)]
  0x00000210ede13800 JavaThread "C2 CompilerThread1" daemon [_thread_in_native, id=14040, stack(0x000000e8d8000000,0x000000e8d8100000)]
  0x00000210e6665800 JavaThread "Unconstrained build operations" [_thread_blocked, id=1036, stack(0x000000e8d8100000,0x000000e8d8200000)]
  0x00000210e6660800 JavaThread "Unconstrained build operations Thread 2" [_thread_blocked, id=9656, stack(0x000000e8d8600000,0x000000e8d8700000)]
  0x00000210e6663800 JavaThread "Unconstrained build operations Thread 3" [_thread_in_vm, id=3212, stack(0x000000e8d8800000,0x000000e8d8900000)]
  0x00000210e6662000 JavaThread "Unconstrained build operations Thread 4" [_thread_blocked, id=14468, stack(0x000000e8d8900000,0x000000e8d8a00000)]
  0x00000210e6664800 JavaThread "Unconstrained build operations Thread 5" [_thread_blocked, id=10932, stack(0x000000e8d8a00000,0x000000e8d8b00000)]
  0x00000210e64d1000 JavaThread "Unconstrained build operations Thread 6" [_thread_blocked, id=128, stack(0x000000e8d8b00000,0x000000e8d8c00000)]
  0x00000210e64cf800 JavaThread "Unconstrained build operations Thread 7" [_thread_blocked, id=3012, stack(0x000000e8d8c00000,0x000000e8d8d00000)]
  0x00000210e64d0800 JavaThread "Unconstrained build operations Thread 8" [_thread_blocked, id=10796, stack(0x000000e8d8d00000,0x000000e8d8e00000)]
  0x00000210e64d2000 JavaThread "Unconstrained build operations Thread 9" [_thread_blocked, id=14116, stack(0x000000e8d8e00000,0x000000e8d8f00000)]
  0x00000210e64d3000 JavaThread "Unconstrained build operations Thread 10" [_thread_blocked, id=10332, stack(0x000000e8d8f00000,0x000000e8d9000000)]
  0x00000210e64d3800 JavaThread "Unconstrained build operations Thread 11" [_thread_blocked, id=14388, stack(0x000000e8d9000000,0x000000e8d9100000)]
  0x00000210e64cf000 JavaThread "Unconstrained build operations Thread 12" [_thread_blocked, id=9092, stack(0x000000e8d9100000,0x000000e8d9200000)]
  0x00000210e64d8000 JavaThread "Unconstrained build operations Thread 13" [_thread_blocked, id=14648, stack(0x000000e8d9200000,0x000000e8d9300000)]
  0x00000210e64d8800 JavaThread "Unconstrained build operations Thread 14" [_thread_blocked, id=3560, stack(0x000000e8d9300000,0x000000e8d9400000)]
  0x00000210e64d6000 JavaThread "Unconstrained build operations Thread 15" [_thread_blocked, id=11924, stack(0x000000e8d9400000,0x000000e8d9500000)]
  0x00000210e64d9800 JavaThread "Unconstrained build operations Thread 16" [_thread_blocked, id=5640, stack(0x000000e8d9500000,0x000000e8d9600000)]
  0x00000210e64d7000 JavaThread "Unconstrained build operations Thread 17" [_thread_blocked, id=12060, stack(0x000000e8d9600000,0x000000e8d9700000)]
  0x00000210e64da000 JavaThread "Unconstrained build operations Thread 18" [_thread_blocked, id=14836, stack(0x000000e8d9700000,0x000000e8d9800000)]
  0x00000210e64d4800 JavaThread "Unconstrained build operations Thread 19" [_thread_blocked, id=11420, stack(0x000000e8d9800000,0x000000e8d9900000)]
  0x00000210e64db000 JavaThread "Unconstrained build operations Thread 20" [_thread_blocked, id=6216, stack(0x000000e8d9900000,0x000000e8d9a00000)]
  0x00000210e64d5800 JavaThread "Unconstrained build operations Thread 21" [_thread_blocked, id=11688, stack(0x000000e8d9a00000,0x000000e8d9b00000)]
  0x00000210e64dc000 JavaThread "Unconstrained build operations Thread 22" [_thread_blocked, id=12632, stack(0x000000e8d9b00000,0x000000e8d9c00000)]
  0x00000210e64dc800 JavaThread "Unconstrained build operations Thread 23" [_thread_blocked, id=6496, stack(0x000000e8d9c00000,0x000000e8d9d00000)]
  0x00000210e37a5000 JavaThread "Unconstrained build operations Thread 24" [_thread_in_Java, id=11836, stack(0x000000e8d9d00000,0x000000e8d9e00000)] _threads_hazard_ptr=0x00000210e8f588f0
  0x00000210e37a2000 JavaThread "Unconstrained build operations Thread 25" [_thread_blocked, id=1648, stack(0x000000e8d9e00000,0x000000e8d9f00000)]
  0x00000210e37a3800 JavaThread "Unconstrained build operations Thread 26" [_thread_blocked, id=9204, stack(0x000000e8d9f00000,0x000000e8da000000)]
  0x00000210e37a6000 JavaThread "Unconstrained build operations Thread 27" [_thread_blocked, id=12160, stack(0x000000e8da000000,0x000000e8da100000)]
  0x00000210e37a0000 JavaThread "Unconstrained build operations Thread 28" [_thread_blocked, id=3124, stack(0x000000e8da100000,0x000000e8da200000)]
  0x00000210e37a7800 JavaThread "Unconstrained build operations Thread 29" [_thread_blocked, id=13540, stack(0x000000e8da200000,0x000000e8da300000)]
  0x00000210e37a2800 JavaThread "Unconstrained build operations Thread 30" [_thread_blocked, id=10852, stack(0x000000e8da300000,0x000000e8da400000)]
  0x00000210e37ab800 JavaThread "Unconstrained build operations Thread 31" [_thread_blocked, id=12688, stack(0x000000e8da400000,0x000000e8da500000)]
  0x00000210e37a9000 JavaThread "Unconstrained build operations Thread 32" [_thread_blocked, id=14328, stack(0x000000e8da500000,0x000000e8da600000)]
  0x00000210e37ac800 JavaThread "Unconstrained build operations Thread 33" [_thread_blocked, id=9880, stack(0x000000e8da600000,0x000000e8da700000)]
  0x00000210e37ad800 JavaThread "Unconstrained build operations Thread 34" [_thread_blocked, id=12800, stack(0x000000e8da700000,0x000000e8da800000)]
  0x00000210e37ae000 JavaThread "Unconstrained build operations Thread 35" [_thread_blocked, id=12212, stack(0x000000e8da800000,0x000000e8da900000)]
  0x00000210e37a8800 JavaThread "Unconstrained build operations Thread 36" [_thread_blocked, id=12652, stack(0x000000e8da900000,0x000000e8daa00000)]
  0x00000210e37af000 JavaThread "Unconstrained build operations Thread 37" [_thread_blocked, id=14036, stack(0x000000e8daa00000,0x000000e8dab00000)]
  0x00000210e2df0800 JavaThread "Unconstrained build operations Thread 38" [_thread_blocked, id=14920, stack(0x000000e8dab00000,0x000000e8dac00000)]
  0x00000210e2df2800 JavaThread "Unconstrained build operations Thread 39" [_thread_blocked, id=10016, stack(0x000000e8dac00000,0x000000e8dad00000)]
  0x00000210e2df9000 JavaThread "Unconstrained build operations Thread 40" [_thread_blocked, id=3240, stack(0x000000e8dad00000,0x000000e8dae00000)]

Other Threads:
  0x00000210df5d6800 VMThread "VM Thread" [stack: 0x000000e8d6000000,0x000000e8d6100000] [id=4012]
  0x00000210e00ec800 WatcherThread [stack: 0x000000e8d6a00000,0x000000e8d6b00000] [id=13936]
  0x00000210c5263800 GCTaskThread "GC Thread#0" [stack: 0x000000e8d5b00000,0x000000e8d5c00000] [id=2828]
  0x00000210e0981800 GCTaskThread "GC Thread#1" [stack: 0x000000e8d6c00000,0x000000e8d6d00000] [id=6376]
  0x00000210e032d000 GCTaskThread "GC Thread#2" [stack: 0x000000e8d6d00000,0x000000e8d6e00000] [id=14488]
  0x00000210e182a800 GCTaskThread "GC Thread#3" [stack: 0x000000e8d7800000,0x000000e8d7900000] [id=1128]
  0x00000210c5295000 ConcurrentGCThread "G1 Main Marker" [stack: 0x000000e8d5c00000,0x000000e8d5d00000] [id=9132]
=>0x00000210c5296000 ConcurrentGCThread "G1 Conc#0" [stack: 0x000000e8d5d00000,0x000000e8d5e00000] [id=9028]
  0x00000210c5323800 ConcurrentGCThread "G1 Refine#0" [stack: 0x000000e8d5e00000,0x000000e8d5f00000] [id=3268]
  0x00000210c5324800 ConcurrentGCThread "G1 Young RemSet Sampling" [stack: 0x000000e8d5f00000,0x000000e8d6000000] [id=7268]

Threads with active compile tasks:
C2 CompilerThread05392554 24855  s    4       org.gradle.internal.component.external.model.AbstractLazyModuleComponentResolveMetadata::getVariantsForGraphTraversal (20 bytes)

VM state:not at safepoint (normal execution)

VM Mutex/Monitor currently owned by a thread: None

Heap address: 0x0000000080000000, size: 2048 MB, Compressed Oops mode: 32-bit
Narrow klass base: 0x0000000000000000, Narrow klass shift: 3
Compressed class space size: 1073741824 Address: 0x0000000100000000

Heap:
 garbage-first heap   total 272384K, used 152818K [0x0000000080000000, 0x0000000100000000)
  region size 1024K, 20 young (20480K), 2 survivors (2048K)
 Metaspace       used 128356K, capacity 132398K, committed 132608K, reserved 1165312K
  class space    used 16156K, capacity 17682K, committed 17740K, reserved 1048576K
Heap Regions: E=young(eden), S=young(survivor), O=old, HS=humongous(starts), HC=humongous(continues), CS=collection set, F=free, A=archive, TAMS=top-at-mark-start (previous, next)
|   0|0x0000000080000000, 0x0000000080100000, 0x0000000080100000|100%| O|  |TAMS 0x0000000080100000, 0x0000000080100000| Untracked 
|   1|0x0000000080100000, 0x0000000080200000, 0x0000000080200000|100%| O|  |TAMS 0x0000000080200000, 0x0000000080200000| Untracked 
|   2|0x0000000080200000, 0x0000000080300000, 0x0000000080300000|100%| O|  |TAMS 0x0000000080300000, 0x0000000080300000| Untracked 
|   3|0x0000000080300000, 0x0000000080400000, 0x0000000080400000|100%|HS|  |TAMS 0x0000000080400000, 0x0000000080400000| Complete 
|   4|0x0000000080400000, 0x0000000080500000, 0x0000000080500000|100%|HC|  |TAMS 0x0000000080500000, 0x0000000080500000| Complete 
|   5|0x0000000080500000, 0x0000000080600000, 0x0000000080600000|100%|HC|  |TAMS 0x0000000080600000, 0x0000000080600000| Complete 
|   6|0x0000000080600000, 0x0000000080700000, 0x0000000080700000|100%| O|  |TAMS 0x0000000080700000, 0x0000000080700000| Untracked 
|   7|0x0000000080700000, 0x0000000080800000, 0x0000000080800000|100%| O|  |TAMS 0x0000000080800000, 0x0000000080800000| Untracked 
|   8|0x0000000080800000, 0x0000000080900000, 0x0000000080900000|100%| O|  |TAMS 0x0000000080900000, 0x0000000080900000| Untracked 
|   9|0x0000000080900000, 0x0000000080a00000, 0x0000000080a00000|100%| O|  |TAMS 0x0000000080a00000, 0x0000000080a00000| Untracked 
|  10|0x0000000080a00000, 0x0000000080b00000, 0x0000000080b00000|100%| O|  |TAMS 0x0000000080b00000, 0x0000000080b00000| Untracked 
|  11|0x0000000080b00000, 0x0000000080c00000, 0x0000000080c00000|100%| O|  |TAMS 0x0000000080c00000, 0x0000000080c00000| Untracked 
|  12|0x0000000080c00000, 0x0000000080d00000, 0x0000000080d00000|100%| O|  |TAMS 0x0000000080d00000, 0x0000000080d00000| Untracked 
|  13|0x0000000080d00000, 0x0000000080e00000, 0x0000000080e00000|100%| O|  |TAMS 0x0000000080e00000, 0x0000000080e00000| Untracked 
|  14|0x0000000080e00000, 0x0000000080f00000, 0x0000000080f00000|100%| O|  |TAMS 0x0000000080f00000, 0x0000000080f00000| Untracked 
|  15|0x0000000080f00000, 0x0000000081000000, 0x0000000081000000|100%| O|  |TAMS 0x0000000081000000, 0x0000000081000000| Untracked 
|  16|0x0000000081000000, 0x0000000081100000, 0x0000000081100000|100%| O|  |TAMS 0x0000000081100000, 0x0000000081100000| Untracked 
|  17|0x0000000081100000, 0x0000000081200000, 0x0000000081200000|100%|HS|  |TAMS 0x0000000081200000, 0x0000000081200000| Complete 
|  18|0x0000000081200000, 0x0000000081300000, 0x0000000081300000|100%| O|  |TAMS 0x0000000081300000, 0x0000000081300000| Untracked 
|  19|0x0000000081300000, 0x0000000081400000, 0x0000000081400000|100%| O|  |TAMS 0x0000000081400000, 0x0000000081400000| Untracked 
|  20|0x0000000081400000, 0x0000000081500000, 0x0000000081500000|100%| O|  |TAMS 0x0000000081500000, 0x0000000081500000| Untracked 
|  21|0x0000000081500000, 0x0000000081600000, 0x0000000081600000|100%| O|  |TAMS 0x0000000081600000, 0x0000000081600000| Untracked 
|  22|0x0000000081600000, 0x0000000081700000, 0x0000000081700000|100%| O|  |TAMS 0x0000000081700000, 0x0000000081700000| Untracked 
|  23|0x0000000081700000, 0x0000000081800000, 0x0000000081800000|100%| O|  |TAMS 0x0000000081800000, 0x0000000081800000| Untracked 
|  24|0x0000000081800000, 0x0000000081900000, 0x0000000081900000|100%|HS|  |TAMS 0x0000000081900000, 0x0000000081900000| Complete 
|  25|0x0000000081900000, 0x0000000081a00000, 0x0000000081a00000|100%|HS|  |TAMS 0x0000000081a00000, 0x0000000081a00000| Complete 
|  26|0x0000000081a00000, 0x0000000081b00000, 0x0000000081b00000|100%|HS|  |TAMS 0x0000000081b00000, 0x0000000081b00000| Complete 
|  27|0x0000000081b00000, 0x0000000081c00000, 0x0000000081c00000|100%|HC|  |TAMS 0x0000000081c00000, 0x0000000081c00000| Complete 
|  28|0x0000000081c00000, 0x0000000081d00000, 0x0000000081d00000|100%| O|  |TAMS 0x0000000081d00000, 0x0000000081d00000| Untracked 
|  29|0x0000000081d00000, 0x0000000081e00000, 0x0000000081e00000|100%| O|  |TAMS 0x0000000081e00000, 0x0000000081e00000| Untracked 
|  30|0x0000000081e00000, 0x0000000081f00000, 0x0000000081f00000|100%| O|  |TAMS 0x0000000081f00000, 0x0000000081f00000| Untracked 
|  31|0x0000000081f00000, 0x0000000082000000, 0x0000000082000000|100%| O|  |TAMS 0x0000000082000000, 0x0000000082000000| Untracked 
|  32|0x0000000082000000, 0x0000000082100000, 0x0000000082100000|100%| O|  |TAMS 0x0000000082100000, 0x0000000082100000| Untracked 
|  33|0x0000000082100000, 0x0000000082200000, 0x0000000082200000|100%| O|  |TAMS 0x0000000082200000, 0x0000000082200000| Untracked 
|  34|0x0000000082200000, 0x0000000082300000, 0x0000000082300000|100%| O|  |TAMS 0x0000000082300000, 0x0000000082300000| Untracked 
|  35|0x0000000082300000, 0x0000000082400000, 0x0000000082400000|100%| O|  |TAMS 0x0000000082400000, 0x0000000082400000| Untracked 
|  36|0x0000000082400000, 0x0000000082500000, 0x0000000082500000|100%| O|  |TAMS 0x0000000082500000, 0x0000000082500000| Untracked 
|  37|0x0000000082500000, 0x0000000082600000, 0x0000000082600000|100%| O|  |TAMS 0x0000000082600000, 0x0000000082600000| Untracked 
|  38|0x0000000082600000, 0x0000000082700000, 0x0000000082700000|100%| O|  |TAMS 0x0000000082700000, 0x0000000082700000| Untracked 
|  39|0x0000000082700000, 0x0000000082800000, 0x0000000082800000|100%| O|  |TAMS 0x0000000082800000, 0x0000000082800000| Untracked 
|  40|0x0000000082800000, 0x0000000082900000, 0x0000000082900000|100%| O|  |TAMS 0x0000000082900000, 0x0000000082900000| Untracked 
|  41|0x0000000082900000, 0x0000000082a00000, 0x0000000082a00000|100%| O|  |TAMS 0x0000000082a00000, 0x0000000082a00000| Untracked 
|  42|0x0000000082a00000, 0x0000000082b00000, 0x0000000082b00000|100%| O|  |TAMS 0x0000000082b00000, 0x0000000082b00000| Untracked 
|  43|0x0000000082b00000, 0x0000000082c00000, 0x0000000082c00000|100%| O|  |TAMS 0x0000000082c00000, 0x0000000082c00000| Untracked 
|  44|0x0000000082c00000, 0x0000000082d00000, 0x0000000082d00000|100%| O|  |TAMS 0x0000000082d00000, 0x0000000082d00000| Untracked 
|  45|0x0000000082d00000, 0x0000000082e00000, 0x0000000082e00000|100%| O|  |TAMS 0x0000000082e00000, 0x0000000082e00000| Untracked 
|  46|0x0000000082e00000, 0x0000000082f00000, 0x0000000082f00000|100%| O|  |TAMS 0x0000000082f00000, 0x0000000082f00000| Untracked 
|  47|0x0000000082f00000, 0x0000000083000000, 0x0000000083000000|100%| O|  |TAMS 0x0000000083000000, 0x0000000083000000| Untracked 
|  48|0x0000000083000000, 0x0000000083100000, 0x0000000083100000|100%| O|  |TAMS 0x0000000083100000, 0x0000000083100000| Untracked 
|  49|0x0000000083100000, 0x0000000083200000, 0x0000000083200000|100%| O|  |TAMS 0x0000000083200000, 0x0000000083200000| Untracked 
|  50|0x0000000083200000, 0x0000000083300000, 0x0000000083300000|100%| O|  |TAMS 0x0000000083300000, 0x0000000083300000| Untracked 
|  51|0x0000000083300000, 0x0000000083400000, 0x0000000083400000|100%| O|  |TAMS 0x0000000083400000, 0x0000000083400000| Untracked 
|  52|0x0000000083400000, 0x0000000083500000, 0x0000000083500000|100%| O|  |TAMS 0x0000000083500000, 0x0000000083500000| Untracked 
|  53|0x0000000083500000, 0x0000000083600000, 0x0000000083600000|100%| O|  |TAMS 0x0000000083600000, 0x0000000083600000| Untracked 
|  54|0x0000000083600000, 0x0000000083700000, 0x0000000083700000|100%| O|  |TAMS 0x0000000083700000, 0x0000000083700000| Untracked 
|  55|0x0000000083700000, 0x0000000083800000, 0x0000000083800000|100%| O|  |TAMS 0x0000000083800000, 0x0000000083800000| Untracked 
|  56|0x0000000083800000, 0x0000000083900000, 0x0000000083900000|100%| O|  |TAMS 0x0000000083900000, 0x0000000083900000| Untracked 
|  57|0x0000000083900000, 0x0000000083a00000, 0x0000000083a00000|100%| O|  |TAMS 0x0000000083a00000, 0x0000000083a00000| Untracked 
|  58|0x0000000083a00000, 0x0000000083b00000, 0x0000000083b00000|100%| O|  |TAMS 0x0000000083b00000, 0x0000000083b00000| Untracked 
|  59|0x0000000083b00000, 0x0000000083c00000, 0x0000000083c00000|100%| O|  |TAMS 0x0000000083c00000, 0x0000000083c00000| Untracked 
|  60|0x0000000083c00000, 0x0000000083d00000, 0x0000000083d00000|100%| O|  |TAMS 0x0000000083d00000, 0x0000000083d00000| Untracked 
|  61|0x0000000083d00000, 0x0000000083e00000, 0x0000000083e00000|100%| O|  |TAMS 0x0000000083e00000, 0x0000000083e00000| Untracked 
|  62|0x0000000083e00000, 0x0000000083f00000, 0x0000000083f00000|100%| O|  |TAMS 0x0000000083f00000, 0x0000000083f00000| Untracked 
|  63|0x0000000083f00000, 0x0000000084000000, 0x0000000084000000|100%| O|  |TAMS 0x0000000084000000, 0x0000000084000000| Untracked 
|  64|0x0000000084000000, 0x0000000084100000, 0x0000000084100000|100%| O|  |TAMS 0x0000000084100000, 0x0000000084100000| Untracked 
|  65|0x0000000084100000, 0x0000000084200000, 0x0000000084200000|100%| O|  |TAMS 0x0000000084200000, 0x0000000084200000| Untracked 
|  66|0x0000000084200000, 0x0000000084300000, 0x0000000084300000|100%| O|  |TAMS 0x0000000084300000, 0x0000000084300000| Untracked 
|  67|0x0000000084300000, 0x0000000084400000, 0x0000000084400000|100%| O|  |TAMS 0x0000000084400000, 0x0000000084400000| Untracked 
|  68|0x0000000084400000, 0x0000000084500000, 0x0000000084500000|100%| O|  |TAMS 0x0000000084500000, 0x0000000084500000| Untracked 
|  69|0x0000000084500000, 0x0000000084600000, 0x0000000084600000|100%| O|  |TAMS 0x0000000084600000, 0x0000000084600000| Untracked 
|  70|0x0000000084600000, 0x0000000084700000, 0x0000000084700000|100%| O|  |TAMS 0x0000000084700000, 0x0000000084700000| Untracked 
|  71|0x0000000084700000, 0x0000000084800000, 0x0000000084800000|100%| O|  |TAMS 0x0000000084800000, 0x0000000084800000| Untracked 
|  72|0x0000000084800000, 0x0000000084900000, 0x0000000084900000|100%| O|  |TAMS 0x0000000084900000, 0x0000000084900000| Untracked 
|  73|0x0000000084900000, 0x0000000084a00000, 0x0000000084a00000|100%| O|  |TAMS 0x0000000084a00000, 0x0000000084a00000| Untracked 
|  74|0x0000000084a00000, 0x0000000084b00000, 0x0000000084b00000|100%| O|  |TAMS 0x0000000084b00000, 0x0000000084b00000| Untracked 
|  75|0x0000000084b00000, 0x0000000084c00000, 0x0000000084c00000|100%| O|  |TAMS 0x0000000084c00000, 0x0000000084c00000| Untracked 
|  76|0x0000000084c00000, 0x0000000084d00000, 0x0000000084d00000|100%| O|  |TAMS 0x0000000084d00000, 0x0000000084d00000| Untracked 
|  77|0x0000000084d00000, 0x0000000084e00000, 0x0000000084e00000|100%| O|  |TAMS 0x0000000084e00000, 0x0000000084e00000| Untracked 
|  78|0x0000000084e00000, 0x0000000084f00000, 0x0000000084f00000|100%| O|  |TAMS 0x0000000084f00000, 0x0000000084f00000| Untracked 
|  79|0x0000000084f00000, 0x0000000085000000, 0x0000000085000000|100%| O|  |TAMS 0x0000000085000000, 0x0000000085000000| Untracked 
|  80|0x0000000085000000, 0x0000000085100000, 0x0000000085100000|100%| O|  |TAMS 0x0000000085100000, 0x0000000085100000| Untracked 
|  81|0x0000000085100000, 0x0000000085200000, 0x0000000085200000|100%| O|  |TAMS 0x0000000085200000, 0x0000000085200000| Untracked 
|  82|0x0000000085200000, 0x0000000085300000, 0x0000000085300000|100%| O|  |TAMS 0x0000000085300000, 0x0000000085300000| Untracked 
|  83|0x0000000085300000, 0x0000000085400000, 0x0000000085400000|100%| O|  |TAMS 0x0000000085400000, 0x0000000085400000| Untracked 
|  84|0x0000000085400000, 0x0000000085500000, 0x0000000085500000|100%| O|  |TAMS 0x0000000085500000, 0x0000000085500000| Untracked 
|  85|0x0000000085500000, 0x0000000085600000, 0x0000000085600000|100%| O|  |TAMS 0x0000000085600000, 0x0000000085600000| Untracked 
|  86|0x0000000085600000, 0x0000000085700000, 0x0000000085700000|100%| O|  |TAMS 0x0000000085700000, 0x0000000085700000| Untracked 
|  87|0x0000000085700000, 0x0000000085800000, 0x0000000085800000|100%| O|  |TAMS 0x0000000085800000, 0x0000000085800000| Untracked 
|  88|0x0000000085800000, 0x0000000085900000, 0x0000000085900000|100%| O|  |TAMS 0x0000000085900000, 0x0000000085900000| Untracked 
|  89|0x0000000085900000, 0x0000000085a00000, 0x0000000085a00000|100%| O|  |TAMS 0x0000000085a00000, 0x0000000085a00000| Untracked 
|  90|0x0000000085a00000, 0x0000000085b00000, 0x0000000085b00000|100%| O|  |TAMS 0x0000000085b00000, 0x0000000085b00000| Untracked 
|  91|0x0000000085b00000, 0x0000000085c00000, 0x0000000085c00000|100%| O|  |TAMS 0x0000000085c00000, 0x0000000085c00000| Untracked 
|  92|0x0000000085c00000, 0x0000000085d00000, 0x0000000085d00000|100%| O|  |TAMS 0x0000000085d00000, 0x0000000085d00000| Untracked 
|  93|0x0000000085d00000, 0x0000000085e00000, 0x0000000085e00000|100%| O|  |TAMS 0x0000000085e00000, 0x0000000085e00000| Untracked 
|  94|0x0000000085e00000, 0x0000000085f00000, 0x0000000085f00000|100%| O|  |TAMS 0x0000000085f00000, 0x0000000085f00000| Untracked 
|  95|0x0000000085f00000, 0x0000000085f00000, 0x0000000086000000|  0%| F|  |TAMS 0x0000000085f00000, 0x0000000085f00000| Untracked 
|  96|0x0000000086000000, 0x0000000086000000, 0x0000000086100000|  0%| F|  |TAMS 0x0000000086000000, 0x0000000086000000| Untracked 
|  97|0x0000000086100000, 0x0000000086200000, 0x0000000086200000|100%| O|  |TAMS 0x0000000086200000, 0x0000000086200000| Untracked 
|  98|0x0000000086200000, 0x0000000086300000, 0x0000000086300000|100%| O|  |TAMS 0x0000000086300000, 0x0000000086300000| Untracked 
|  99|0x0000000086300000, 0x0000000086400000, 0x0000000086400000|100%| O|  |TAMS 0x0000000086400000, 0x0000000086400000| Untracked 
| 100|0x0000000086400000, 0x0000000086500000, 0x0000000086500000|100%| O|  |TAMS 0x0000000086500000, 0x0000000086500000| Untracked 
| 101|0x0000000086500000, 0x0000000086600000, 0x0000000086600000|100%| O|  |TAMS 0x0000000086600000, 0x0000000086600000| Untracked 
| 102|0x0000000086600000, 0x0000000086700000, 0x0000000086700000|100%| O|  |TAMS 0x0000000086700000, 0x0000000086700000| Untracked 
| 103|0x0000000086700000, 0x0000000086800000, 0x0000000086800000|100%| O|  |TAMS 0x0000000086800000, 0x0000000086800000| Untracked 
| 104|0x0000000086800000, 0x0000000086900000, 0x0000000086900000|100%| O|  |TAMS 0x0000000086800000, 0x0000000086900000| Untracked 
| 105|0x0000000086900000, 0x0000000086a00000, 0x0000000086a00000|100%| O|  |TAMS 0x0000000086a00000, 0x0000000086a00000| Untracked 
| 106|0x0000000086a00000, 0x0000000086b00000, 0x0000000086b00000|100%| O|  |TAMS 0x0000000086b00000, 0x0000000086b00000| Untracked 
| 107|0x0000000086b00000, 0x0000000086c00000, 0x0000000086c00000|100%| O|  |TAMS 0x0000000086c00000, 0x0000000086c00000| Untracked 
| 108|0x0000000086c00000, 0x0000000086d00000, 0x0000000086d00000|100%| O|  |TAMS 0x0000000086c00000, 0x0000000086d00000| Untracked 
| 109|0x0000000086d00000, 0x0000000086e00000, 0x0000000086e00000|100%| O|  |TAMS 0x0000000086d00000, 0x0000000086e00000| Untracked 
| 110|0x0000000086e00000, 0x0000000086f00000, 0x0000000086f00000|100%| O|  |TAMS 0x0000000086e00000, 0x0000000086f00000| Untracked 
| 111|0x0000000086f00000, 0x0000000087000000, 0x0000000087000000|100%| O|  |TAMS 0x0000000086f00000, 0x0000000087000000| Untracked 
| 112|0x0000000087000000, 0x00000000870f3c00, 0x0000000087100000| 95%| O|  |TAMS 0x0000000087000000, 0x00000000870f3c00| Untracked 
| 113|0x0000000087100000, 0x0000000087100000, 0x0000000087200000|  0%| F|  |TAMS 0x0000000087100000, 0x0000000087100000| Untracked 
| 114|0x0000000087200000, 0x0000000087300000, 0x0000000087300000|100%| O|  |TAMS 0x0000000087300000, 0x0000000087300000| Untracked 
| 115|0x0000000087300000, 0x0000000087300000, 0x0000000087400000|  0%| F|  |TAMS 0x0000000087300000, 0x0000000087300000| Untracked 
| 116|0x0000000087400000, 0x0000000087400000, 0x0000000087500000|  0%| F|  |TAMS 0x0000000087400000, 0x0000000087400000| Untracked 
| 117|0x0000000087500000, 0x0000000087500000, 0x0000000087600000|  0%| F|  |TAMS 0x0000000087500000, 0x0000000087500000| Untracked 
| 118|0x0000000087600000, 0x0000000087600000, 0x0000000087700000|  0%| F|  |TAMS 0x0000000087600000, 0x0000000087600000| Untracked 
| 119|0x0000000087700000, 0x0000000087800000, 0x0000000087800000|100%| O|  |TAMS 0x0000000087800000, 0x0000000087800000| Untracked 
| 120|0x0000000087800000, 0x0000000087800000, 0x0000000087900000|  0%| F|  |TAMS 0x0000000087800000, 0x0000000087800000| Untracked 
| 121|0x0000000087900000, 0x0000000087a00000, 0x0000000087a00000|100%| O|  |TAMS 0x0000000087a00000, 0x0000000087a00000| Untracked 
| 122|0x0000000087a00000, 0x0000000087b00000, 0x0000000087b00000|100%| O|  |TAMS 0x0000000087b00000, 0x0000000087b00000| Untracked 
| 123|0x0000000087b00000, 0x0000000087b00000, 0x0000000087c00000|  0%| F|  |TAMS 0x0000000087b00000, 0x0000000087b00000| Untracked 
| 124|0x0000000087c00000, 0x0000000087c00000, 0x0000000087d00000|  0%| F|  |TAMS 0x0000000087c00000, 0x0000000087c00000| Untracked 
| 125|0x0000000087d00000, 0x0000000087d00000, 0x0000000087e00000|  0%| F|  |TAMS 0x0000000087d00000, 0x0000000087d00000| Untracked 
| 126|0x0000000087e00000, 0x0000000087f00000, 0x0000000087f00000|100%| O|  |TAMS 0x0000000087f00000, 0x0000000087f00000| Untracked 
| 127|0x0000000087f00000, 0x0000000088000000, 0x0000000088000000|100%| O|  |TAMS 0x0000000088000000, 0x0000000088000000| Untracked 
| 128|0x0000000088000000, 0x0000000088000000, 0x0000000088100000|  0%| F|  |TAMS 0x0000000088000000, 0x0000000088000000| Untracked 
| 129|0x0000000088100000, 0x0000000088200000, 0x0000000088200000|100%| O|  |TAMS 0x0000000088200000, 0x0000000088200000| Untracked 
| 130|0x0000000088200000, 0x0000000088300000, 0x0000000088300000|100%| O|  |TAMS 0x0000000088300000, 0x0000000088300000| Untracked 
| 131|0x0000000088300000, 0x0000000088400000, 0x0000000088400000|100%| O|  |TAMS 0x0000000088400000, 0x0000000088400000| Untracked 
| 132|0x0000000088400000, 0x0000000088400000, 0x0000000088500000|  0%| F|  |TAMS 0x0000000088400000, 0x0000000088400000| Untracked 
| 133|0x0000000088500000, 0x0000000088500000, 0x0000000088600000|  0%| F|  |TAMS 0x0000000088500000, 0x0000000088500000| Untracked 
| 134|0x0000000088600000, 0x0000000088600000, 0x0000000088700000|  0%| F|  |TAMS 0x0000000088600000, 0x0000000088600000| Untracked 
| 135|0x0000000088700000, 0x0000000088700000, 0x0000000088800000|  0%| F|  |TAMS 0x0000000088700000, 0x0000000088700000| Untracked 
| 136|0x0000000088800000, 0x0000000088800000, 0x0000000088900000|  0%| F|  |TAMS 0x0000000088800000, 0x0000000088800000| Untracked 
| 137|0x0000000088900000, 0x0000000088900000, 0x0000000088a00000|  0%| F|  |TAMS 0x0000000088900000, 0x0000000088900000| Untracked 
| 138|0x0000000088a00000, 0x0000000088a00000, 0x0000000088b00000|  0%| F|  |TAMS 0x0000000088a00000, 0x0000000088a00000| Untracked 
| 139|0x0000000088b00000, 0x0000000088b00000, 0x0000000088c00000|  0%| F|  |TAMS 0x0000000088b00000, 0x0000000088b00000| Untracked 
| 140|0x0000000088c00000, 0x0000000088c00000, 0x0000000088d00000|  0%| F|  |TAMS 0x0000000088c00000, 0x0000000088c00000| Untracked 
| 141|0x0000000088d00000, 0x0000000088d00000, 0x0000000088e00000|  0%| F|  |TAMS 0x0000000088d00000, 0x0000000088d00000| Untracked 
| 142|0x0000000088e00000, 0x0000000088f00000, 0x0000000088f00000|100%| O|  |TAMS 0x0000000088f00000, 0x0000000088f00000| Untracked 
| 143|0x0000000088f00000, 0x0000000089000000, 0x0000000089000000|100%| O|  |TAMS 0x0000000089000000, 0x0000000089000000| Untracked 
| 144|0x0000000089000000, 0x0000000089100000, 0x0000000089100000|100%| O|  |TAMS 0x0000000089100000, 0x0000000089100000| Untracked 
| 145|0x0000000089100000, 0x0000000089100000, 0x0000000089200000|  0%| F|  |TAMS 0x0000000089100000, 0x0000000089100000| Untracked 
| 146|0x0000000089200000, 0x0000000089200000, 0x0000000089300000|  0%| F|  |TAMS 0x0000000089200000, 0x0000000089200000| Untracked 
| 147|0x0000000089300000, 0x0000000089300000, 0x0000000089400000|  0%| F|  |TAMS 0x0000000089300000, 0x0000000089300000| Untracked 
| 148|0x0000000089400000, 0x0000000089400000, 0x0000000089500000|  0%| F|  |TAMS 0x0000000089400000, 0x0000000089400000| Untracked 
| 149|0x0000000089500000, 0x0000000089500000, 0x0000000089600000|  0%| F|  |TAMS 0x0000000089500000, 0x0000000089500000| Untracked 
| 150|0x0000000089600000, 0x0000000089600000, 0x0000000089700000|  0%| F|  |TAMS 0x0000000089600000, 0x0000000089600000| Untracked 
| 151|0x0000000089700000, 0x0000000089700000, 0x0000000089800000|  0%| F|  |TAMS 0x0000000089700000, 0x0000000089700000| Untracked 
| 152|0x0000000089800000, 0x0000000089800000, 0x0000000089900000|  0%| F|  |TAMS 0x0000000089800000, 0x0000000089800000| Untracked 
| 153|0x0000000089900000, 0x0000000089900000, 0x0000000089a00000|  0%| F|  |TAMS 0x0000000089900000, 0x0000000089900000| Untracked 
| 154|0x0000000089a00000, 0x0000000089a00000, 0x0000000089b00000|  0%| F|  |TAMS 0x0000000089a00000, 0x0000000089a00000| Untracked 
| 155|0x0000000089b00000, 0x0000000089b00000, 0x0000000089c00000|  0%| F|  |TAMS 0x0000000089b00000, 0x0000000089b00000| Untracked 
| 156|0x0000000089c00000, 0x0000000089c00000, 0x0000000089d00000|  0%| F|  |TAMS 0x0000000089c00000, 0x0000000089c00000| Untracked 
| 157|0x0000000089d00000, 0x0000000089d00000, 0x0000000089e00000|  0%| F|  |TAMS 0x0000000089d00000, 0x0000000089d00000| Untracked 
| 158|0x0000000089e00000, 0x0000000089e00000, 0x0000000089f00000|  0%| F|  |TAMS 0x0000000089e00000, 0x0000000089e00000| Untracked 
| 159|0x0000000089f00000, 0x0000000089f00000, 0x000000008a000000|  0%| F|  |TAMS 0x0000000089f00000, 0x0000000089f00000| Untracked 
| 160|0x000000008a000000, 0x000000008a000000, 0x000000008a100000|  0%| F|  |TAMS 0x000000008a000000, 0x000000008a000000| Untracked 
| 161|0x000000008a100000, 0x000000008a100000, 0x000000008a200000|  0%| F|  |TAMS 0x000000008a100000, 0x000000008a100000| Untracked 
| 162|0x000000008a200000, 0x000000008a200000, 0x000000008a300000|  0%| F|  |TAMS 0x000000008a200000, 0x000000008a200000| Untracked 
| 163|0x000000008a300000, 0x000000008a300000, 0x000000008a400000|  0%| F|  |TAMS 0x000000008a300000, 0x000000008a300000| Untracked 
| 164|0x000000008a400000, 0x000000008a400000, 0x000000008a500000|  0%| F|  |TAMS 0x000000008a400000, 0x000000008a400000| Untracked 
| 165|0x000000008a500000, 0x000000008a500000, 0x000000008a600000|  0%| F|  |TAMS 0x000000008a500000, 0x000000008a500000| Untracked 
| 166|0x000000008a600000, 0x000000008a600000, 0x000000008a700000|  0%| F|  |TAMS 0x000000008a600000, 0x000000008a600000| Untracked 
| 167|0x000000008a700000, 0x000000008a800000, 0x000000008a800000|100%| O|  |TAMS 0x000000008a800000, 0x000000008a800000| Untracked 
| 168|0x000000008a800000, 0x000000008a900000, 0x000000008a900000|100%| O|  |TAMS 0x000000008a900000, 0x000000008a900000| Untracked 
| 169|0x000000008a900000, 0x000000008aa00000, 0x000000008aa00000|100%| O|  |TAMS 0x000000008aa00000, 0x000000008aa00000| Untracked 
| 170|0x000000008aa00000, 0x000000008ab00000, 0x000000008ab00000|100%| O|  |TAMS 0x000000008ab00000, 0x000000008ab00000| Untracked 
| 171|0x000000008ab00000, 0x000000008ac00000, 0x000000008ac00000|100%| O|  |TAMS 0x000000008ac00000, 0x000000008ac00000| Untracked 
| 172|0x000000008ac00000, 0x000000008ad00000, 0x000000008ad00000|100%| O|  |TAMS 0x000000008ad00000, 0x000000008ad00000| Untracked 
| 173|0x000000008ad00000, 0x000000008ae00000, 0x000000008ae00000|100%| O|  |TAMS 0x000000008ae00000, 0x000000008ae00000| Untracked 
| 174|0x000000008ae00000, 0x000000008af00000, 0x000000008af00000|100%| O|  |TAMS 0x000000008af00000, 0x000000008af00000| Untracked 
| 175|0x000000008af00000, 0x000000008af00000, 0x000000008b000000|  0%| F|  |TAMS 0x000000008af00000, 0x000000008af00000| Untracked 
| 176|0x000000008b000000, 0x000000008b000000, 0x000000008b100000|  0%| F|  |TAMS 0x000000008b000000, 0x000000008b000000| Untracked 
| 177|0x000000008b100000, 0x000000008b100000, 0x000000008b200000|  0%| F|  |TAMS 0x000000008b100000, 0x000000008b100000| Untracked 
| 178|0x000000008b200000, 0x000000008b200000, 0x000000008b300000|  0%| F|  |TAMS 0x000000008b200000, 0x000000008b200000| Untracked 
| 179|0x000000008b300000, 0x000000008b300000, 0x000000008b400000|  0%| F|  |TAMS 0x000000008b300000, 0x000000008b300000| Untracked 
| 180|0x000000008b400000, 0x000000008b400000, 0x000000008b500000|  0%| F|  |TAMS 0x000000008b400000, 0x000000008b400000| Untracked 
| 181|0x000000008b500000, 0x000000008b500000, 0x000000008b600000|  0%| F|  |TAMS 0x000000008b500000, 0x000000008b500000| Untracked 
| 182|0x000000008b600000, 0x000000008b600000, 0x000000008b700000|  0%| F|  |TAMS 0x000000008b600000, 0x000000008b600000| Untracked 
| 183|0x000000008b700000, 0x000000008b700000, 0x000000008b800000|  0%| F|  |TAMS 0x000000008b700000, 0x000000008b700000| Untracked 
| 184|0x000000008b800000, 0x000000008b800000, 0x000000008b900000|  0%| F|  |TAMS 0x000000008b800000, 0x000000008b800000| Untracked 
| 185|0x000000008b900000, 0x000000008b900000, 0x000000008ba00000|  0%| F|  |TAMS 0x000000008b900000, 0x000000008b900000| Untracked 
| 186|0x000000008ba00000, 0x000000008ba00000, 0x000000008bb00000|  0%| F|  |TAMS 0x000000008ba00000, 0x000000008ba00000| Untracked 
| 187|0x000000008bb00000, 0x000000008bb00000, 0x000000008bc00000|  0%| F|  |TAMS 0x000000008bb00000, 0x000000008bb00000| Untracked 
| 188|0x000000008bc00000, 0x000000008bc00000, 0x000000008bd00000|  0%| F|  |TAMS 0x000000008bc00000, 0x000000008bc00000| Untracked 
| 189|0x000000008bd00000, 0x000000008bd00000, 0x000000008be00000|  0%| F|  |TAMS 0x000000008bd00000, 0x000000008bd00000| Untracked 
| 190|0x000000008be00000, 0x000000008be00000, 0x000000008bf00000|  0%| F|  |TAMS 0x000000008be00000, 0x000000008be00000| Untracked 
| 191|0x000000008bf00000, 0x000000008bf00000, 0x000000008c000000|  0%| F|  |TAMS 0x000000008bf00000, 0x000000008bf00000| Untracked 
| 192|0x000000008c000000, 0x000000008c000000, 0x000000008c100000|  0%| F|  |TAMS 0x000000008c000000, 0x000000008c000000| Untracked 
| 193|0x000000008c100000, 0x000000008c100000, 0x000000008c200000|  0%| F|  |TAMS 0x000000008c100000, 0x000000008c100000| Untracked 
| 194|0x000000008c200000, 0x000000008c200000, 0x000000008c300000|  0%| F|  |TAMS 0x000000008c200000, 0x000000008c200000| Untracked 
| 195|0x000000008c300000, 0x000000008c300000, 0x000000008c400000|  0%| F|  |TAMS 0x000000008c300000, 0x000000008c300000| Untracked 
| 196|0x000000008c400000, 0x000000008c400000, 0x000000008c500000|  0%| F|  |TAMS 0x000000008c400000, 0x000000008c400000| Untracked 
| 197|0x000000008c500000, 0x000000008c500000, 0x000000008c600000|  0%| F|  |TAMS 0x000000008c500000, 0x000000008c500000| Untracked 
| 198|0x000000008c600000, 0x000000008c600000, 0x000000008c700000|  0%| F|  |TAMS 0x000000008c600000, 0x000000008c600000| Untracked 
| 199|0x000000008c700000, 0x000000008c700000, 0x000000008c800000|  0%| F|  |TAMS 0x000000008c700000, 0x000000008c700000| Untracked 
| 200|0x000000008c800000, 0x000000008c800000, 0x000000008c900000|  0%| F|  |TAMS 0x000000008c800000, 0x000000008c800000| Untracked 
| 201|0x000000008c900000, 0x000000008c900000, 0x000000008ca00000|  0%| F|  |TAMS 0x000000008c900000, 0x000000008c900000| Untracked 
| 202|0x000000008ca00000, 0x000000008ca48c40, 0x000000008cb00000| 28%| S|CS|TAMS 0x000000008ca00000, 0x000000008ca00000| Complete 
| 203|0x000000008cb00000, 0x000000008cc00000, 0x000000008cc00000|100%| S|CS|TAMS 0x000000008cb00000, 0x000000008cb00000| Complete 
| 204|0x000000008cc00000, 0x000000008cc00000, 0x000000008cd00000|  0%| F|  |TAMS 0x000000008cc00000, 0x000000008cc00000| Untracked 
| 205|0x000000008cd00000, 0x000000008cd00000, 0x000000008ce00000|  0%| F|  |TAMS 0x000000008cd00000, 0x000000008cd00000| Untracked 
| 206|0x000000008ce00000, 0x000000008ce00000, 0x000000008cf00000|  0%| F|  |TAMS 0x000000008ce00000, 0x000000008ce00000| Untracked 
| 207|0x000000008cf00000, 0x000000008cf00000, 0x000000008d000000|  0%| F|  |TAMS 0x000000008cf00000, 0x000000008cf00000| Untracked 
| 208|0x000000008d000000, 0x000000008d000000, 0x000000008d100000|  0%| F|  |TAMS 0x000000008d000000, 0x000000008d000000| Untracked 
| 209|0x000000008d100000, 0x000000008d100000, 0x000000008d200000|  0%| F|  |TAMS 0x000000008d100000, 0x000000008d100000| Untracked 
| 210|0x000000008d200000, 0x000000008d200000, 0x000000008d300000|  0%| F|  |TAMS 0x000000008d200000, 0x000000008d200000| Untracked 
| 211|0x000000008d300000, 0x000000008d300000, 0x000000008d400000|  0%| F|  |TAMS 0x000000008d300000, 0x000000008d300000| Untracked 
| 212|0x000000008d400000, 0x000000008d400000, 0x000000008d500000|  0%| F|  |TAMS 0x000000008d400000, 0x000000008d400000| Untracked 
| 213|0x000000008d500000, 0x000000008d500000, 0x000000008d600000|  0%| F|  |TAMS 0x000000008d500000, 0x000000008d500000| Untracked 
| 214|0x000000008d600000, 0x000000008d600000, 0x000000008d700000|  0%| F|  |TAMS 0x000000008d600000, 0x000000008d600000| Untracked 
| 215|0x000000008d700000, 0x000000008d700000, 0x000000008d800000|  0%| F|  |TAMS 0x000000008d700000, 0x000000008d700000| Untracked 
| 216|0x000000008d800000, 0x000000008d800000, 0x000000008d900000|  0%| F|  |TAMS 0x000000008d800000, 0x000000008d800000| Untracked 
| 217|0x000000008d900000, 0x000000008d900000, 0x000000008da00000|  0%| F|  |TAMS 0x000000008d900000, 0x000000008d900000| Untracked 
| 218|0x000000008da00000, 0x000000008da00000, 0x000000008db00000|  0%| F|  |TAMS 0x000000008da00000, 0x000000008da00000| Untracked 
| 219|0x000000008db00000, 0x000000008db00000, 0x000000008dc00000|  0%| F|  |TAMS 0x000000008db00000, 0x000000008db00000| Untracked 
| 220|0x000000008dc00000, 0x000000008dc00000, 0x000000008dd00000|  0%| F|  |TAMS 0x000000008dc00000, 0x000000008dc00000| Untracked 
| 221|0x000000008dd00000, 0x000000008dd00000, 0x000000008de00000|  0%| F|  |TAMS 0x000000008dd00000, 0x000000008dd00000| Untracked 
| 222|0x000000008de00000, 0x000000008de00000, 0x000000008df00000|  0%| F|  |TAMS 0x000000008de00000, 0x000000008de00000| Untracked 
| 223|0x000000008df00000, 0x000000008df00000, 0x000000008e000000|  0%| F|  |TAMS 0x000000008df00000, 0x000000008df00000| Untracked 
| 224|0x000000008e000000, 0x000000008e000000, 0x000000008e100000|  0%| F|  |TAMS 0x000000008e000000, 0x000000008e000000| Untracked 
| 225|0x000000008e100000, 0x000000008e100000, 0x000000008e200000|  0%| F|  |TAMS 0x000000008e100000, 0x000000008e100000| Untracked 
| 226|0x000000008e200000, 0x000000008e200000, 0x000000008e300000|  0%| F|  |TAMS 0x000000008e200000, 0x000000008e200000| Untracked 
| 227|0x000000008e300000, 0x000000008e300000, 0x000000008e400000|  0%| F|  |TAMS 0x000000008e300000, 0x000000008e300000| Untracked 
| 228|0x000000008e400000, 0x000000008e400000, 0x000000008e500000|  0%| F|  |TAMS 0x000000008e400000, 0x000000008e400000| Untracked 
| 229|0x000000008e500000, 0x000000008e500000, 0x000000008e600000|  0%| F|  |TAMS 0x000000008e500000, 0x000000008e500000| Untracked 
| 230|0x000000008e600000, 0x000000008e600000, 0x000000008e700000|  0%| F|  |TAMS 0x000000008e600000, 0x000000008e600000| Untracked 
| 231|0x000000008e700000, 0x000000008e700000, 0x000000008e800000|  0%| F|  |TAMS 0x000000008e700000, 0x000000008e700000| Untracked 
| 232|0x000000008e800000, 0x000000008e800000, 0x000000008e900000|  0%| F|  |TAMS 0x000000008e800000, 0x000000008e800000| Untracked 
| 233|0x000000008e900000, 0x000000008e900000, 0x000000008ea00000|  0%| F|  |TAMS 0x000000008e900000, 0x000000008e900000| Untracked 
| 234|0x000000008ea00000, 0x000000008ea00000, 0x000000008eb00000|  0%| F|  |TAMS 0x000000008ea00000, 0x000000008ea00000| Untracked 
| 235|0x000000008eb00000, 0x000000008eb00000, 0x000000008ec00000|  0%| F|  |TAMS 0x000000008eb00000, 0x000000008eb00000| Untracked 
| 236|0x000000008ec00000, 0x000000008ec00000, 0x000000008ed00000|  0%| F|  |TAMS 0x000000008ec00000, 0x000000008ec00000| Untracked 
| 237|0x000000008ed00000, 0x000000008ed00000, 0x000000008ee00000|  0%| F|  |TAMS 0x000000008ed00000, 0x000000008ed00000| Untracked 
| 238|0x000000008ee00000, 0x000000008ee00000, 0x000000008ef00000|  0%| F|  |TAMS 0x000000008ee00000, 0x000000008ee00000| Untracked 
| 239|0x000000008ef00000, 0x000000008ef00000, 0x000000008f000000|  0%| F|  |TAMS 0x000000008ef00000, 0x000000008ef00000| Untracked 
| 240|0x000000008f000000, 0x000000008f000000, 0x000000008f100000|  0%| F|  |TAMS 0x000000008f000000, 0x000000008f000000| Untracked 
| 241|0x000000008f100000, 0x000000008f100000, 0x000000008f200000|  0%| F|  |TAMS 0x000000008f100000, 0x000000008f100000| Untracked 
| 242|0x000000008f200000, 0x000000008f200000, 0x000000008f300000|  0%| F|  |TAMS 0x000000008f200000, 0x000000008f200000| Untracked 
| 243|0x000000008f300000, 0x000000008f300000, 0x000000008f400000|  0%| F|  |TAMS 0x000000008f300000, 0x000000008f300000| Untracked 
| 244|0x000000008f400000, 0x000000008f400000, 0x000000008f500000|  0%| F|  |TAMS 0x000000008f400000, 0x000000008f400000| Untracked 
| 245|0x000000008f500000, 0x000000008f525310, 0x000000008f600000| 14%| E|  |TAMS 0x000000008f500000, 0x000000008f500000| Complete 
| 246|0x000000008f600000, 0x000000008f700000, 0x000000008f700000|100%| E|CS|TAMS 0x000000008f600000, 0x000000008f600000| Complete 
| 247|0x000000008f700000, 0x000000008f800000, 0x000000008f800000|100%| E|CS|TAMS 0x000000008f700000, 0x000000008f700000| Complete 
| 248|0x000000008f800000, 0x000000008f900000, 0x000000008f900000|100%| E|CS|TAMS 0x000000008f800000, 0x000000008f800000| Complete 
| 249|0x000000008f900000, 0x000000008fa00000, 0x000000008fa00000|100%| E|CS|TAMS 0x000000008f900000, 0x000000008f900000| Complete 
| 250|0x000000008fa00000, 0x000000008fb00000, 0x000000008fb00000|100%| E|CS|TAMS 0x000000008fa00000, 0x000000008fa00000| Complete 
| 251|0x000000008fb00000, 0x000000008fc00000, 0x000000008fc00000|100%| E|CS|TAMS 0x000000008fb00000, 0x000000008fb00000| Complete 
| 252|0x000000008fc00000, 0x000000008fd00000, 0x000000008fd00000|100%| E|CS|TAMS 0x000000008fc00000, 0x000000008fc00000| Complete 
| 253|0x000000008fd00000, 0x000000008fe00000, 0x000000008fe00000|100%| E|CS|TAMS 0x000000008fd00000, 0x000000008fd00000| Complete 
| 254|0x000000008fe00000, 0x000000008ff00000, 0x000000008ff00000|100%| E|CS|TAMS 0x000000008fe00000, 0x000000008fe00000| Complete 
| 255|0x000000008ff00000, 0x0000000090000000, 0x0000000090000000|100%| E|CS|TAMS 0x000000008ff00000, 0x000000008ff00000| Complete 
| 256|0x0000000090000000, 0x0000000090100000, 0x0000000090100000|100%| E|CS|TAMS 0x0000000090000000, 0x0000000090000000| Complete 
| 257|0x0000000090100000, 0x0000000090200000, 0x0000000090200000|100%| E|CS|TAMS 0x0000000090100000, 0x0000000090100000| Complete 
| 258|0x0000000090200000, 0x0000000090300000, 0x0000000090300000|100%| E|CS|TAMS 0x0000000090200000, 0x0000000090200000| Complete 
| 259|0x0000000090300000, 0x0000000090400000, 0x0000000090400000|100%| E|CS|TAMS 0x0000000090300000, 0x0000000090300000| Complete 
| 260|0x0000000090400000, 0x0000000090500000, 0x0000000090500000|100%| E|CS|TAMS 0x0000000090400000, 0x0000000090400000| Complete 
| 261|0x0000000090500000, 0x0000000090600000, 0x0000000090600000|100%| E|CS|TAMS 0x0000000090500000, 0x0000000090500000| Complete 
| 262|0x0000000090600000, 0x0000000090700000, 0x0000000090700000|100%| E|CS|TAMS 0x0000000090600000, 0x0000000090600000| Complete 
| 263|0x0000000090700000, 0x0000000090800000, 0x0000000090800000|100%| E|CS|TAMS 0x0000000090700000, 0x0000000090700000| Complete 
| 264|0x0000000090800000, 0x0000000090900000, 0x0000000090900000|100%| E|CS|TAMS 0x0000000090800000, 0x0000000090800000| Complete 
| 265|0x0000000090900000, 0x0000000090a00000, 0x0000000090a00000|100%| E|CS|TAMS 0x0000000090900000, 0x0000000090900000| Complete 

Card table byte_map: [0x00000210d87a0000,0x00000210d8ba0000] _byte_map_base: 0x00000210d83a0000

Marking Bits (Prev, Next): (CMBitMap*) 0x00000210c528c1b8, (CMBitMap*) 0x00000210c528c1f0
 Prev Bits: [0x00000210d8fa0000, 0x00000210dafa0000)
 Next Bits: [0x00000210dafa0000, 0x00000210dcfa0000)

Polling page: 0x00000210c8d50000

Metaspace:

Usage:
  Non-class:    112.03 MB capacity,   109.57 MB ( 98%) used,     2.00 MB (  2%) free+waste,   470.25 KB ( <1%) overhead. 
      Class:     17.27 MB capacity,    15.78 MB ( 91%) used,     1.29 MB (  7%) free+waste,   209.19 KB (  1%) overhead. 
       Both:    129.29 MB capacity,   125.35 MB ( 97%) used,     3.28 MB (  3%) free+waste,   679.44 KB ( <1%) overhead. 

Virtual space:
  Non-class space:      114.00 MB reserved,     112.18 MB ( 98%) committed 
      Class space:        1.00 GB reserved,      17.32 MB (  2%) committed 
             Both:        1.11 GB reserved,     129.50 MB ( 11%) committed 

Chunk freelists:
   Non-Class:  0 bytes
       Class:  14.00 KB
        Both:  14.00 KB

MaxMetaspaceSize: 17179869184.00 GB
CompressedClassSpaceSize: 1.00 GB

CodeHeap 'non-profiled nmethods': size=120064Kb used=16442Kb max_used=16442Kb free=103621Kb
 bounds [0x00000210d0830000, 0x00000210d1850000, 0x00000210d7d70000]
CodeHeap 'profiled nmethods': size=120000Kb used=47527Kb max_used=47527Kb free=72473Kb
 bounds [0x00000210c9300000, 0x00000210cc1c0000, 0x00000210d0830000]
CodeHeap 'non-nmethods': size=5696Kb used=2362Kb max_used=2441Kb free=3333Kb
 bounds [0x00000210c8d70000, 0x00000210c8ff0000, 0x00000210c9300000]
 total_blobs=23086 nmethods=22106 adapters=889
 compilation: enabled
              stopped_count=0, restarted_count=0
 full_count=0

Compilation events (20 events):
Event: 5392.321 Thread 0x00000210df603800 nmethod 24859 0x00000210ca8dff10 code [0x00000210ca8e0100, 0x00000210ca8e04b8]
Event: 5392.321 Thread 0x00000210df603800 24860       3       com.google.common.collect.Platform::newArray (19 bytes)
Event: 5392.321 Thread 0x00000210df603800 nmethod 24860 0x00000210ca919c90 code [0x00000210ca919e80, 0x00000210ca91a1f8]
Event: 5392.362 Thread 0x00000210df603800 24865       3       org.gradle.api.internal.artifacts.ivyservice.resolveengine.oldresult.TransientConfigurationResultsBuilder$$Lambda$493/0x0000000100645040::write (9 bytes)
Event: 5392.363 Thread 0x00000210df603800 nmethod 24865 0x00000210ca917c90 code [0x00000210ca917e60, 0x00000210ca918178]
Event: 5392.363 Thread 0x00000210df603800 24866       3       org.gradle.api.internal.artifacts.ivyservice.resolveengine.oldresult.TransientConfigurationResultsBuilder::lambda$firstLevelDependency$2 (18 bytes)
Event: 5392.363 Thread 0x00000210ede13800 24857       4       com.google.common.collect.ImmutableCollection::toArray (67 bytes)
Event: 5392.363 Thread 0x00000210df603800 nmethod 24866 0x00000210ca92e190 code [0x00000210ca92e360, 0x00000210ca92e5f8]
Event: 5392.369 Thread 0x00000210df603800 24867       3       org.gradle.api.internal.attributes.DefaultOrderedCompatibilityRule::execute (60 bytes)
Event: 5392.374 Thread 0x00000210df603800 nmethod 24867 0x00000210ca93d010 code [0x00000210ca93d200, 0x00000210ca93d668]
Event: 5392.374 Thread 0x00000210df603800 24868       3       java.security.AccessControlContext::calculateFields (89 bytes)
Event: 5392.375 Thread 0x00000210df603800 nmethod 24868 0x00000210ca943e10 code [0x00000210ca944000, 0x00000210ca944438]
Event: 5392.379 Thread 0x00000210ede13800 nmethod 24857 0x00000210d1839410 code [0x00000210d18395c0, 0x00000210d1839b18]
Event: 5392.379 Thread 0x00000210ede13800 24864       4       org.gradle.api.internal.artifacts.ivyservice.resolveengine.graph.CompositeDependencyGraphVisitor::visitSelector (40 bytes)
Event: 5392.383 Thread 0x00000210ede13800 nmethod 24864 0x00000210d1839e90 code [0x00000210d183a040, 0x00000210d183a218]
Event: 5392.383 Thread 0x00000210ede13800 24858       4       org.gradle.api.internal.artifacts.ivyservice.resolveengine.graph.builder.ComponentState::hasMoreThanOneSelectedNodeUsingVariantAwareResolution (53 bytes)
Event: 5392.396 Thread 0x00000210ede13800 nmethod 24858 0x00000210d183a410 code [0x00000210d183a5e0, 0x00000210d183aa58]
Event: 5392.396 Thread 0x00000210ede13800 24869       4       java.security.AccessControlContext::combine (205 bytes)
Event: 5392.407 Thread 0x00000210ede13800 nmethod 24869 0x00000210d183ae90 code [0x00000210d183b040, 0x00000210d183b858]
Event: 5392.407 Thread 0x00000210ede13800 24861       4       org.gradle.internal.component.external.model.JavaEcosystemVariantDerivationStrategy::platformWithUsageAttribute (88 bytes)

GC Heap History (20 events):
Event: 226.529 GC heap before
{Heap before GC invocations=109 (full 0):
 garbage-first heap   total 225280K, used 184029K [0x0000000080000000, 0x0000000100000000)
  region size 1024K, 30 young (30720K), 4 survivors (4096K)
 Metaspace       used 127894K, capacity 131934K, committed 132096K, reserved 1163264K
  class space    used 16137K, capacity 17648K, committed 17740K, reserved 1048576K
}
Event: 226.542 GC heap after
{Heap after GC invocations=110 (full 0):
 garbage-first heap   total 225280K, used 147782K [0x0000000080000000, 0x0000000100000000)
  region size 1024K, 4 young (4096K), 4 survivors (4096K)
 Metaspace       used 127894K, capacity 131934K, committed 132096K, reserved 1163264K
  class space    used 16137K, capacity 17648K, committed 17740K, reserved 1048576K
}
Event: 226.576 GC heap before
{Heap before GC invocations=110 (full 0):
 garbage-first heap   total 225280K, used 153926K [0x0000000080000000, 0x0000000100000000)
  region size 1024K, 11 young (11264K), 4 survivors (4096K)
 Metaspace       used 127907K, capacity 131934K, committed 132096K, reserved 1163264K
  class space    used 16137K, capacity 17648K, committed 17740K, reserved 1048576K
}
Event: 226.588 GC heap after
{Heap after GC invocations=111 (full 0):
 garbage-first heap   total 225280K, used 148481K [0x0000000080000000, 0x0000000100000000)
  region size 1024K, 2 young (2048K), 2 survivors (2048K)
 Metaspace       used 127907K, capacity 131934K, committed 132096K, reserved 1163264K
  class space    used 16137K, capacity 17648K, committed 17740K, reserved 1048576K
}
Event: 226.984 GC heap before
{Heap before GC invocations=111 (full 0):
 garbage-first heap   total 225280K, used 174081K [0x0000000080000000, 0x0000000100000000)
  region size 1024K, 28 young (28672K), 2 survivors (2048K)
 Metaspace       used 127922K, capacity 132000K, committed 132096K, reserved 1163264K
  class space    used 16137K, capacity 17648K, committed 17740K, reserved 1048576K
}
Event: 226.989 GC heap after
{Heap after GC invocations=112 (full 0):
 garbage-first heap   total 225280K, used 149391K [0x0000000080000000, 0x0000000100000000)
  region size 1024K, 3 young (3072K), 3 survivors (3072K)
 Metaspace       used 127922K, capacity 132000K, committed 132096K, reserved 1163264K
  class space    used 16137K, capacity 17648K, committed 17740K, reserved 1048576K
}
Event: 228.662 GC heap before
{Heap before GC invocations=113 (full 0):
 garbage-first heap   total 225280K, used 158607K [0x0000000080000000, 0x0000000100000000)
  region size 1024K, 31 young (31744K), 3 survivors (3072K)
 Metaspace       used 127929K, capacity 132002K, committed 132096K, reserved 1163264K
  class space    used 16137K, capacity 17648K, committed 17740K, reserved 1048576K
}
Event: 228.674 GC heap after
{Heap after GC invocations=114 (full 0):
 garbage-first heap   total 225280K, used 136689K [0x0000000080000000, 0x0000000100000000)
  region size 1024K, 4 young (4096K), 4 survivors (4096K)
 Metaspace       used 127929K, capacity 132002K, committed 132096K, reserved 1163264K
  class space    used 16137K, capacity 17648K, committed 17740K, reserved 1048576K
}
Event: 228.696 GC heap before
{Heap before GC invocations=114 (full 0):
 garbage-first heap   total 225280K, used 143857K [0x0000000080000000, 0x0000000100000000)
  region size 1024K, 11 young (11264K), 4 survivors (4096K)
 Metaspace       used 127929K, capacity 132002K, committed 132096K, reserved 1163264K
  class space    used 16137K, capacity 17648K, committed 17740K, reserved 1048576K
}
Event: 228.711 GC heap after
{Heap after GC invocations=115 (full 0):
 garbage-first heap   total 225280K, used 129174K [0x0000000080000000, 0x0000000100000000)
  region size 1024K, 2 young (2048K), 2 survivors (2048K)
 Metaspace       used 127929K, capacity 132002K, committed 132096K, reserved 1163264K
  class space    used 16137K, capacity 17648K, committed 17740K, reserved 1048576K
}
Event: 228.806 GC heap before
{Heap before GC invocations=115 (full 0):
 garbage-first heap   total 225280K, used 168086K [0x0000000080000000, 0x0000000100000000)
  region size 1024K, 40 young (40960K), 2 survivors (2048K)
 Metaspace       used 127951K, capacity 132002K, committed 132096K, reserved 1163264K
  class space    used 16137K, capacity 17648K, committed 17740K, reserved 1048576K
}
Event: 228.816 GC heap after
{Heap after GC invocations=116 (full 0):
 garbage-first heap   total 225280K, used 136192K [0x0000000080000000, 0x0000000100000000)
  region size 1024K, 5 young (5120K), 5 survivors (5120K)
 Metaspace       used 127951K, capacity 132002K, committed 132096K, reserved 1163264K
  class space    used 16137K, capacity 17648K, committed 17740K, reserved 1048576K
}
Event: 228.894 GC heap before
{Heap before GC invocations=116 (full 0):
 garbage-first heap   total 225280K, used 174080K [0x0000000080000000, 0x0000000100000000)
  region size 1024K, 42 young (43008K), 5 survivors (5120K)
 Metaspace       used 127951K, capacity 132002K, committed 132096K, reserved 1163264K
  class space    used 16137K, capacity 17648K, committed 17740K, reserved 1048576K
}
Event: 228.903 GC heap after
{Heap after GC invocations=117 (full 0):
 garbage-first heap   total 272384K, used 137492K [0x0000000080000000, 0x0000000100000000)
  region size 1024K, 1 young (1024K), 1 survivors (1024K)
 Metaspace       used 127951K, capacity 132002K, committed 132096K, reserved 1163264K
  class space    used 16137K, capacity 17648K, committed 17740K, reserved 1048576K
}
Event: 1801.503 GC heap before
{Heap before GC invocations=118 (full 0):
 garbage-first heap   total 272384K, used 219412K [0x0000000080000000, 0x0000000100000000)
  region size 1024K, 56 young (57344K), 1 survivors (1024K)
 Metaspace       used 128220K, capacity 132271K, committed 132608K, reserved 1165312K
  class space    used 16140K, capacity 17651K, committed 17740K, reserved 1048576K
}
Event: 1801.515 GC heap after
{Heap after GC invocations=119 (full 0):
 garbage-first heap   total 272384K, used 136542K [0x0000000080000000, 0x0000000100000000)
  region size 1024K, 1 young (1024K), 1 survivors (1024K)
 Metaspace       used 128220K, capacity 132271K, committed 132608K, reserved 1165312K
  class space    used 16140K, capacity 17651K, committed 17740K, reserved 1048576K
}
Event: 2411.781 GC heap before
{Heap before GC invocations=119 (full 0):
 garbage-first heap   total 272384K, used 148830K [0x0000000080000000, 0x0000000100000000)
  region size 1024K, 13 young (13312K), 1 survivors (1024K)
 Metaspace       used 128234K, capacity 132271K, committed 132608K, reserved 1165312K
  class space    used 16140K, capacity 17651K, committed 17740K, reserved 1048576K
}
Event: 2411.789 GC heap after
{Heap after GC invocations=120 (full 0):
 garbage-first heap   total 272384K, used 134838K [0x0000000080000000, 0x0000000100000000)
  region size 1024K, 1 young (1024K), 1 survivors (1024K)
 Metaspace       used 128234K, capacity 132271K, committed 132608K, reserved 1165312K
  class space    used 16140K, capacity 17651K, committed 17740K, reserved 1048576K
}
Event: 5391.982 GC heap before
{Heap before GC invocations=120 (full 0):
 garbage-first heap   total 272384K, used 197302K [0x0000000080000000, 0x0000000100000000)
  region size 1024K, 62 young (63488K), 1 survivors (1024K)
 Metaspace       used 128280K, capacity 132295K, committed 132608K, reserved 1165312K
  class space    used 16142K, capacity 17656K, committed 17740K, reserved 1048576K
}
Event: 5392.006 GC heap after
{Heap after GC invocations=121 (full 0):
 garbage-first heap   total 272384K, used 135410K [0x0000000080000000, 0x0000000100000000)
  region size 1024K, 2 young (2048K), 2 survivors (2048K)
 Metaspace       used 128280K, capacity 132295K, committed 132608K, reserved 1165312K
  class space    used 16142K, capacity 17656K, committed 17740K, reserved 1048576K
}

Deoptimization events (20 events):
Event: 542.502 Thread 0x00000210e1aeb800 DEOPT PACKING pc=0x00000210d101b420 sp=0x000000e8d6efe850
Event: 542.502 Thread 0x00000210e1aeb800 DEOPT UNPACKING pc=0x00000210c8d9662f sp=0x000000e8d6efe7d8 mode 2
Event: 542.502 Thread 0x00000210e1aeb800 Uncommon trap: trap_request=0xffffffde fr.pc=0x00000210d101b420 relative=0x0000000000000100
Event: 542.502 Thread 0x00000210e1aeb800 Uncommon trap: reason=class_check action=maybe_recompile pc=0x00000210d101b420 method=jdk.internal.misc.Unsafe.allocateUninitializedArray(Ljava/lang/Class;I)Ljava/lang/Object; @ 48 c2
Event: 542.502 Thread 0x00000210e1aeb800 DEOPT PACKING pc=0x00000210d101b420 sp=0x000000e8d6efe850
Event: 542.502 Thread 0x00000210e1aeb800 DEOPT UNPACKING pc=0x00000210c8d9662f sp=0x000000e8d6efe7d8 mode 2
Event: 5391.753 Thread 0x00000210e6657800 Uncommon trap: trap_request=0xffffff7e fr.pc=0x00000210d182a9b0 relative=0x00000000000005d0
Event: 5391.753 Thread 0x00000210e6657800 Uncommon trap: reason=predicate action=maybe_recompile pc=0x00000210d182a9b0 method=java.util.concurrent.CopyOnWriteArrayList.indexOfRange(Ljava/lang/Object;[Ljava/lang/Object;II)I @ 38 c2
Event: 5391.753 Thread 0x00000210e6657800 DEOPT PACKING pc=0x00000210d182a9b0 sp=0x000000e8d57fef40
Event: 5391.754 Thread 0x00000210e6657800 DEOPT UNPACKING pc=0x00000210c8d9662f sp=0x000000e8d57feee0 mode 2
Event: 5391.936 Thread 0x00000210e665d000 Uncommon trap: trap_request=0xffffffdc fr.pc=0x00000210d0e87c4c relative=0x000000000000030c
Event: 5391.936 Thread 0x00000210e665d000 Uncommon trap: reason=class_check action=make_not_entrant pc=0x00000210d0e87c4c method=com.google.common.collect.Platform.copy([Ljava/lang/Object;II[Ljava/lang/Object;)[Ljava/lang/Object; @ 7 c2
Event: 5391.936 Thread 0x00000210e665d000 DEOPT PACKING pc=0x00000210d0e87c4c sp=0x000000e8d70f9830
Event: 5391.936 Thread 0x00000210e665d000 DEOPT UNPACKING pc=0x00000210c8d9662f sp=0x000000e8d70f9750 mode 2
Event: 5392.221 Thread 0x00000210e665d000 Uncommon trap: trap_request=0xffffffdc fr.pc=0x00000210d0ed18b0 relative=0x00000000000002f0
Event: 5392.221 Thread 0x00000210e665d000 Uncommon trap: reason=class_check action=make_not_entrant pc=0x00000210d0ed18b0 method=java.util.ArrayList$SubList.toArray([Ljava/lang/Object;)[Ljava/lang/Object; @ 37 c2
Event: 5392.221 Thread 0x00000210e665d000 DEOPT PACKING pc=0x00000210d0ed18b0 sp=0x000000e8d70f8990
Event: 5392.221 Thread 0x00000210e665d000 DEOPT UNPACKING pc=0x00000210c8d9662f sp=0x000000e8d70f8948 mode 2
Event: 5392.391 Thread 0x00000210e665d000 DEOPT PACKING pc=0x00000210c9bbf6ab sp=0x000000e8d70f8f90
Event: 5392.391 Thread 0x00000210e665d000 DEOPT UNPACKING pc=0x00000210c8d96dde sp=0x000000e8d70f8428 mode 0

Classes redefined (0 events):
No events

Internal exceptions (20 events):
Event: 175.840 Thread 0x00000210e2df9000 Implicit null exception at 0x00000210d161d860 to 0x00000210d161d960
Event: 179.392 Thread 0x00000210e2dfe800 Exception <a 'sun/nio/fs/WindowsException'{0x000000008c841378}> (0x000000008c841378) thrown at [./src/hotspot/share/prims/jni.cpp, line 615]
Event: 179.392 Thread 0x00000210e2dfe800 Exception <a 'sun/nio/fs/WindowsException'{0x000000008c841460}> (0x000000008c841460) thrown at [./src/hotspot/share/prims/jni.cpp, line 615]
Event: 179.843 Thread 0x00000210e18d1800 Exception <a 'sun/nio/fs/WindowsException'{0x000000008ce58618}> (0x000000008ce58618) thrown at [./src/hotspot/share/prims/jni.cpp, line 615]
Event: 179.843 Thread 0x00000210e18d1800 Exception <a 'sun/nio/fs/WindowsException'{0x000000008ce58768}> (0x000000008ce58768) thrown at [./src/hotspot/share/prims/jni.cpp, line 615]
Event: 179.843 Thread 0x00000210e18d1800 Exception <a 'sun/nio/fs/WindowsException'{0x000000008ce5a030}> (0x000000008ce5a030) thrown at [./src/hotspot/share/prims/jni.cpp, line 615]
Event: 179.997 Thread 0x00000210e18d1800 Implicit null exception at 0x00000210d0faa62b to 0x00000210d0faac24
Event: 224.591 Thread 0x00000210e18d1800 Exception <a 'sun/nio/fs/WindowsException'{0x000000008d9629c0}> (0x000000008d9629c0) thrown at [./src/hotspot/share/prims/jni.cpp, line 615]
Event: 224.625 Thread 0x00000210e18d1800 Exception <a 'java/lang/NoClassDefFoundError'{0x000000008d643248}: org/jetbrains/kotlin/gradle/plugin/KotlinBasePluginWrapper> (0x000000008d643248) thrown at [./src/hotspot/share/oops/constantPool.cpp, line 775]
Event: 224.738 Thread 0x00000210e18d1800 Exception <a 'java/lang/NoClassDefFoundError'{0x000000008d287e48}: org/jetbrains/kotlin/gradle/plugin/KotlinBasePluginWrapper> (0x000000008d287e48) thrown at [./src/hotspot/share/oops/constantPool.cpp, line 775]
Event: 224.796 Thread 0x00000210e18d1800 Exception <a 'sun/nio/fs/WindowsException'{0x000000008cf053b0}> (0x000000008cf053b0) thrown at [./src/hotspot/share/prims/jni.cpp, line 615]
Event: 224.805 Thread 0x00000210e18d1800 Exception <a 'sun/nio/fs/WindowsException'{0x000000008cf9f838}> (0x000000008cf9f838) thrown at [./src/hotspot/share/prims/jni.cpp, line 615]
Event: 224.805 Thread 0x00000210e18d1800 Exception <a 'sun/nio/fs/WindowsException'{0x000000008cfa0ab0}> (0x000000008cfa0ab0) thrown at [./src/hotspot/share/prims/jni.cpp, line 615]
Event: 224.805 Thread 0x00000210e18d1800 Exception <a 'sun/nio/fs/WindowsException'{0x000000008cfa1dd0}> (0x000000008cfa1dd0) thrown at [./src/hotspot/share/prims/jni.cpp, line 615]
Event: 224.805 Thread 0x00000210e18d1800 Exception <a 'sun/nio/fs/WindowsException'{0x000000008cfa30f0}> (0x000000008cfa30f0) thrown at [./src/hotspot/share/prims/jni.cpp, line 615]
Event: 228.800 Thread 0x00000210e37af000 Exception <a 'sun/nio/fs/WindowsException'{0x000000008b657dd0}> (0x000000008b657dd0) thrown at [./src/hotspot/share/prims/jni.cpp, line 615]
Event: 228.800 Thread 0x00000210e37af000 Exception <a 'sun/nio/fs/WindowsException'{0x000000008b657eb8}> (0x000000008b657eb8) thrown at [./src/hotspot/share/prims/jni.cpp, line 615]
Event: 229.867 Thread 0x00000210e18d1800 Exception <a 'sun/nio/fs/WindowsException'{0x000000008f8b61e0}> (0x000000008f8b61e0) thrown at [./src/hotspot/share/prims/jni.cpp, line 615]
Event: 229.867 Thread 0x00000210e18d1800 Exception <a 'sun/nio/fs/WindowsException'{0x000000008f8b6330}> (0x000000008f8b6330) thrown at [./src/hotspot/share/prims/jni.cpp, line 615]
Event: 229.867 Thread 0x00000210e18d1800 Exception <a 'sun/nio/fs/WindowsException'{0x000000008f8b7bf8}> (0x000000008f8b7bf8) thrown at [./src/hotspot/share/prims/jni.cpp, line 615]

Events (20 events):
Event: 5392.371 Executing VM operation: RevokeBias
Event: 5392.374 Executing VM operation: RevokeBias done
Event: 5392.378 Thread 0x00000210e6662000 Thread added: 0x00000210e6662000
Event: 5392.383 Thread 0x00000210e6664800 Thread added: 0x00000210e6664800
Event: 5392.384 Thread 0x00000210e64d1000 Thread added: 0x00000210e64d1000
Event: 5392.385 Thread 0x00000210e64cf800 Thread added: 0x00000210e64cf800
Event: 5392.385 Thread 0x00000210e64d0800 Thread added: 0x00000210e64d0800
Event: 5392.386 Thread 0x00000210e64d2000 Thread added: 0x00000210e64d2000
Event: 5392.387 Thread 0x00000210e64d3000 Thread added: 0x00000210e64d3000
Event: 5392.387 Thread 0x00000210e64d3800 Thread added: 0x00000210e64d3800
Event: 5392.389 Thread 0x00000210e64cf000 Thread added: 0x00000210e64cf000
Event: 5392.389 Thread 0x00000210e64d8000 Thread added: 0x00000210e64d8000
Event: 5392.390 Thread 0x00000210e64d8800 Thread added: 0x00000210e64d8800
Event: 5392.391 Thread 0x00000210e64d6000 Thread added: 0x00000210e64d6000
Event: 5392.392 Thread 0x00000210e64d9800 Thread added: 0x00000210e64d9800
Event: 5392.431 Thread 0x00000210e64d7000 Thread added: 0x00000210e64d7000
Event: 5392.442 Thread 0x00000210e64da000 Thread added: 0x00000210e64da000
Event: 5392.446 Thread 0x00000210e64d4800 Thread added: 0x00000210e64d4800
Event: 5392.455 Thread 0x00000210e64db000 Thread added: 0x00000210e64db000
Event: 5392.456 Thread 0x00000210e64d5800 Thread added: 0x00000210e64d5800


Dynamic libraries:
0x00007ff6dbcf0000 - 0x00007ff6dbcfa000 	C:\Program Files\Android\Android Studio\jre\bin\java.exe
0x00007ff998ab0000 - 0x00007ff998ca5000 	C:\Windows\SYSTEM32\ntdll.dll
0x00007ff998830000 - 0x00007ff9988ee000 	C:\Windows\System32\KERNEL32.DLL
0x00007ff9961c0000 - 0x00007ff996488000 	C:\Windows\System32\KERNELBASE.dll
0x00007ff996530000 - 0x00007ff996630000 	C:\Windows\System32\ucrtbase.dll
0x00007ff98ad20000 - 0x00007ff98ad37000 	C:\Program Files\Android\Android Studio\jre\bin\VCRUNTIME140.dll
0x00007ff98ad00000 - 0x00007ff98ad19000 	C:\Program Files\Android\Android Studio\jre\bin\jli.dll
0x00007ff997ad0000 - 0x00007ff997c71000 	C:\Windows\System32\USER32.dll
0x00007ff9968d0000 - 0x00007ff9968f2000 	C:\Windows\System32\win32u.dll
0x00007ff998a40000 - 0x00007ff998a6b000 	C:\Windows\System32\GDI32.dll
0x00007ff987120000 - 0x00007ff9873ba000 	C:\Windows\WinSxS\amd64_microsoft.windows.common-controls_6595b64144ccf1df_6.0.19041.1110_none_60b5254171f9507e\COMCTL32.dll
0x00007ff9969e0000 - 0x00007ff996aed000 	C:\Windows\System32\gdi32full.dll
0x00007ff996af0000 - 0x00007ff996b8e000 	C:\Windows\System32\msvcrt.dll
0x00007ff996490000 - 0x00007ff99652d000 	C:\Windows\System32\msvcp_win.dll
0x00007ff998800000 - 0x00007ff998830000 	C:\Windows\System32\IMM32.DLL
0x00007ff96a1f0000 - 0x00007ff96a28d000 	C:\Program Files\Android\Android Studio\jre\bin\msvcp140.dll
0x00007ff957e70000 - 0x00007ff958945000 	C:\Program Files\Android\Android Studio\jre\bin\server\jvm.dll
0x00007ff9981f0000 - 0x00007ff99829e000 	C:\Windows\System32\ADVAPI32.dll
0x00007ff996c40000 - 0x00007ff996cdc000 	C:\Windows\System32\sechost.dll
0x00007ff997c80000 - 0x00007ff997da5000 	C:\Windows\System32\RPCRT4.dll
0x00007ff997370000 - 0x00007ff997378000 	C:\Windows\System32\PSAPI.DLL
0x00007ff982b00000 - 0x00007ff982b09000 	C:\Windows\SYSTEM32\WSOCK32.dll
0x00007ff98fb90000 - 0x00007ff98fb9a000 	C:\Windows\SYSTEM32\VERSION.dll
0x00007ff988b20000 - 0x00007ff988b47000 	C:\Windows\SYSTEM32\WINMM.dll
0x00007ff998790000 - 0x00007ff9987fb000 	C:\Windows\System32\WS2_32.dll
0x00007ff994090000 - 0x00007ff9940a2000 	C:\Windows\SYSTEM32\kernel.appcore.dll
0x00007ff984f20000 - 0x00007ff984f31000 	C:\Program Files\Android\Android Studio\jre\bin\verify.dll
0x00007ff982060000 - 0x00007ff982244000 	C:\Windows\SYSTEM32\DBGHELP.DLL
0x00007ff981cc0000 - 0x00007ff981cec000 	C:\Windows\SYSTEM32\dbgcore.DLL
0x00007ff996630000 - 0x00007ff9966b2000 	C:\Windows\System32\bcryptPrimitives.dll
0x00007ff97be20000 - 0x00007ff97be49000 	C:\Program Files\Android\Android Studio\jre\bin\java.dll
0x00007ff992d30000 - 0x00007ff992d3b000 	C:\Program Files\Android\Android Studio\jre\bin\jimage.dll
0x00007ff983130000 - 0x00007ff983148000 	C:\Program Files\Android\Android Studio\jre\bin\zip.dll
0x00007ff997380000 - 0x00007ff997ac4000 	C:\Windows\System32\SHELL32.dll
0x00007ff994290000 - 0x00007ff994a25000 	C:\Windows\SYSTEM32\windows.storage.dll
0x00007ff996f60000 - 0x00007ff9972b5000 	C:\Windows\System32\combase.dll
0x00007ff995b40000 - 0x00007ff995b6e000 	C:\Windows\SYSTEM32\Wldp.dll
0x00007ff9972c0000 - 0x00007ff99736d000 	C:\Windows\System32\SHCORE.dll
0x00007ff998730000 - 0x00007ff998785000 	C:\Windows\System32\shlwapi.dll
0x00007ff996100000 - 0x00007ff99611f000 	C:\Windows\SYSTEM32\profapi.dll
0x00007ff97a0c0000 - 0x00007ff97a0da000 	C:\Program Files\Android\Android Studio\jre\bin\net.dll
0x00007ff98ebd0000 - 0x00007ff98ecdc000 	C:\Windows\SYSTEM32\WINHTTP.dll
0x00007ff9958a0000 - 0x00007ff99590a000 	C:\Windows\system32\mswsock.dll
0x00007ff97a0a0000 - 0x00007ff97a0b4000 	C:\Program Files\Android\Android Studio\jre\bin\nio.dll
0x00007ff98abc0000 - 0x00007ff98abe7000 	C:\Users\RavliDroid\.gradle\native\e1d6ef7f7dcc3fd88c89a11ec53ec762bb8ba0a96d01ffa2cd45eb1d1d8dd5c5\windows-amd64\native-platform.dll
0x00007ff95f010000 - 0x00007ff95f154000 	C:\Users\RavliDroid\.gradle\native\5664cfc778a61ccfe75a443a1ab52a65af34e5dc3c78e0209fed803814484fcb\windows-amd64\native-platform-file-events.dll
0x00007ff987d60000 - 0x00007ff987d6a000 	C:\Program Files\Android\Android Studio\jre\bin\management.dll
0x00007ff984f50000 - 0x00007ff984f5d000 	C:\Program Files\Android\Android Studio\jre\bin\management_ext.dll
0x00007ff995aa0000 - 0x00007ff995ab8000 	C:\Windows\SYSTEM32\CRYPTSP.dll
0x00007ff995220000 - 0x00007ff995254000 	C:\Windows\system32\rsaenh.dll
0x00007ff9969b0000 - 0x00007ff9969d7000 	C:\Windows\System32\bcrypt.dll
0x00007ff996080000 - 0x00007ff9960ae000 	C:\Windows\SYSTEM32\USERENV.dll
0x00007ff995a90000 - 0x00007ff995a9c000 	C:\Windows\SYSTEM32\CRYPTBASE.dll
0x00007ff995590000 - 0x00007ff9955cb000 	C:\Windows\SYSTEM32\IPHLPAPI.DLL
0x00007ff998720000 - 0x00007ff998728000 	C:\Windows\System32\NSI.dll
0x00007ff990070000 - 0x00007ff990087000 	C:\Windows\SYSTEM32\dhcpcsvc6.DLL
0x00007ff990050000 - 0x00007ff99006d000 	C:\Windows\SYSTEM32\dhcpcsvc.DLL
0x00007ff9955d0000 - 0x00007ff99569b000 	C:\Windows\SYSTEM32\DNSAPI.dll
0x00007ff994ee0000 - 0x00007ff994f13000 	C:\Windows\SYSTEM32\ntmarta.dll

dbghelp: loaded successfully - version: 4.0.5 - missing functions: none
symbol engine: initialized successfully - sym options: 0x614 - pdb path: .;C:\Program Files\Android\Android Studio\jre\bin;C:\Windows\SYSTEM32;C:\Windows\WinSxS\amd64_microsoft.windows.common-controls_6595b64144ccf1df_6.0.19041.1110_none_60b5254171f9507e;C:\Program Files\Android\Android Studio\jre\bin\server;C:\Users\RavliDroid\.gradle\native\e1d6ef7f7dcc3fd88c89a11ec53ec762bb8ba0a96d01ffa2cd45eb1d1d8dd5c5\windows-amd64;C:\Users\RavliDroid\.gradle\native\5664cfc778a61ccfe75a443a1ab52a65af34e5dc3c78e0209fed803814484fcb\windows-amd64

VM Arguments:
jvm_args: --add-opens=java.base/java.util=ALL-UNNAMED --add-opens=java.base/java.lang=ALL-UNNAMED --add-opens=java.base/java.lang.invoke=ALL-UNNAMED --add-opens=java.base/java.util=ALL-UNNAMED --add-opens=java.prefs/java.util.prefs=ALL-UNNAMED --add-opens=java.prefs/java.util.prefs=ALL-UNNAMED --add-opens=java.base/java.nio.charset=ALL-UNNAMED --add-opens=java.base/java.net=ALL-UNNAMED --add-opens=java.base/java.util.concurrent.atomic=ALL-UNNAMED -Xmx2048m -Dfile.encoding=windows-1252 -Duser.country=IN -Duser.language=en -Duser.variant 
java_command: org.gradle.launcher.daemon.bootstrap.GradleDaemon 7.2
java_class_path (initial): C:\Users\RavliDroid\.gradle\wrapper\dists\gradle-7.2-bin\2dnblmf4td7x66yl1d74lt32g\gradle-7.2\lib\gradle-launcher-7.2.jar
Launcher Type: SUN_STANDARD

[Global flags]
     intx CICompilerCount                          = 3                                         {product} {ergonomic}
     uint ConcGCThreads                            = 1                                         {product} {ergonomic}
     uint G1ConcRefinementThreads                  = 4                                         {product} {ergonomic}
   size_t G1HeapRegionSize                         = 1048576                                   {product} {ergonomic}
    uintx GCDrainStackTargetSize                   = 64                                        {product} {ergonomic}
   size_t InitialHeapSize                          = 132120576                                 {product} {ergonomic}
   size_t MarkStackSize                            = 4194304                                   {product} {ergonomic}
   size_t MaxHeapSize                              = 2147483648                                {product} {command line}
   size_t MaxNewSize                               = 1287651328                                {product} {ergonomic}
   size_t MinHeapDeltaBytes                        = 1048576                                   {product} {ergonomic}
    uintx NonNMethodCodeHeapSize                   = 5830732                                {pd product} {ergonomic}
    uintx NonProfiledCodeHeapSize                  = 122913754                              {pd product} {ergonomic}
    uintx ProfiledCodeHeapSize                     = 122913754                              {pd product} {ergonomic}
    uintx ReservedCodeCacheSize                    = 251658240                              {pd product} {ergonomic}
     bool SegmentedCodeCache                       = true                                      {product} {ergonomic}
     bool UseCompressedClassPointers               = true                                 {lp64_product} {ergonomic}
     bool UseCompressedOops                        = true                                 {lp64_product} {ergonomic}
     bool UseG1GC                                  = true                                      {product} {ergonomic}
     bool UseLargePagesIndividualAllocation        = false                                  {pd product} {ergonomic}

Logging:
Log output configuration:
 #0: stdout all=warning uptime,level,tags
 #1: stderr all=off uptime,level,tags

Environment Variables:
JAVA_HOME=C:\Users\RavliDroid\.jdks\corretto-11.0.14
PATH=C:\Windows\system32;C:\Windows;C:\Windows\System32\Wbem;C:\Windows\System32\WindowsPowerShell\v1.0\;C:\Windows\System32\OpenSSH\;C:\Program Files\Git\cmd;C:\Users\RavliDroid\.jdks\corretto-11.0.14\bin;C:\Users\RavliDroid\.jdks\corretto-11.0.14\bin;C:\Users\RavliDroid\.jdks\corretto-11.0.14\bin
USERNAME=RavliDroid
OS=Windows_NT
PROCESSOR_IDENTIFIER=Intel64 Family 6 Model 60 Stepping 3, GenuineIntel



---------------  S Y S T E M  ---------------

OS: Windows 10 , 64 bit Build 19041 (10.0.19041.1466)
OS uptime: 1 days 3:24 hours

CPU:total 4 (initial active 4) (4 cores per cpu, 1 threads per core) family 6 model 60 stepping 3 microcode 0x27, cmov, cx8, fxsr, mmx, sse, sse2, sse3, ssse3, sse4.1, sse4.2, popcnt, avx, avx2, aes, clmul, erms, lzcnt, tsc, tscinvbit, bmi1, bmi2, fma

Memory: 4k page, system-wide physical 8061M (1497M free)
TotalPageFile size 15485M (AvailPageFile size 7483M)
current process WorkingSet (physical memory assigned to process): 280M, peak: 607M
current process commit charge ("private bytes"): 659M, peak: 663M

vm_info: OpenJDK 64-Bit Server VM (11.0.11+9-b60-7590822) for windows-amd64 JRE (11.0.11+9-b60-7590822), built on Jul 29 2021 21:43:44 by "builder" with MS VC++ 14.0 (VS2015)

END.
